<?xml version="1.0" encoding="UTF-8"?>
<testsuite xmlns:xsi="http://www.w3.org/2001/XMLSchema-instance" xsi:noNamespaceSchemaLocation="https://maven.apache.org/surefire/maven-surefire-plugin/xsd/surefire-test-report-3.0.xsd" version="3.0" name="TestSuite" time="60.519" tests="1" errors="0" skipped="0" failures="0">
  <properties>
[...]
</properties>
  <testcase name="Sam_Log_in[F200test1](1)" classname="udemy_tutorial.Samlogin_tc" time="55.038">
    <system-out><![CDATA[[TestNGContentHandler] [WARN] It is strongly recommended to add "<!DOCTYPE suite SYSTEM "http://testng.org/testng-1.0.dtd" >" at the top of your file, otherwise TestNG may fail or not work as expected.
&amp#27;[35m[Appium]&amp#27;[39m Welcome to Appium v1.22.1
&amp#27;[35m[Appium]&amp#27;[39m Appium REST http interface listener started on 0.0.0.0:4723
&amp#27;[35m[HTTP]&amp#27;[39m &amp#27;[37m-->&amp#27;[39m &amp#27;[37mGET&amp#27;[39m &amp#27;[37m/wd/hub/status&amp#27;[39m
&amp#27;[35m[HTTP]&amp#27;[39m &amp#27;[90m{}&amp#27;[39m
[debug] &amp#27;[35m[GENERIC]&amp#27;[39m Calling AppiumDriver.getStatus() with args: []
[debug] &amp#27;[35m[GENERIC]&amp#27;[39m Responding to client with driver.getStatus() result: {"build":{"version":"1.22.1"}}
&amp#27;[35m[HTTP]&amp#27;[39m &amp#27;[37m<-- GET /wd/hub/status &amp#27;[39m&amp#27;[32m200&amp#27;[39m &amp#27;[90m12 ms - 68&amp#27;[39m
&amp#27;[35m[HTTP]&amp#27;[39m &amp#27;[90m&amp#27;[39m
[debug] &amp#27;[35m[HTTP]&amp#27;[39m Request idempotency key: 77da1d13-7e73-4d91-979a-55cd3d04101c
&amp#27;[35m[HTTP]&amp#27;[39m &amp#27;[37m-->&amp#27;[39m &amp#27;[37mPOST&amp#27;[39m &amp#27;[37m/wd/hub/session&amp#27;[39m
&amp#27;[35m[HTTP]&amp#27;[39m &amp#27;[90m{"desiredCapabilities":{"app":"E:\\simple data provider\\udemy_framework\\src\\Samvitha_v1.3_F200_Dec23.apk","appActivity":"com.wrizto.samvita.healthcare.LoginActivity","appPackage":"com.wrizto.samvita.healthcare","noReset":true,"newCommandTimeout":14,"adbExecTimeout":90000,"automationName":"uiautomator2","platformName":"Android","deviceName":"cd70ce02","fullReset":false},"capabilities":{"firstMatch":[{"appium:adbExecTimeout":90000,"appium:app":"E:\\simple data provider\\udemy_framework\\src\\Samvitha_v1.3_F200_Dec23.apk","appium:appActivity":"com.wrizto.samvita.healthcare.LoginActivity","appium:appPackage":"com.wrizto.samvita.healthcare","appium:automationName":"uiautomator2","appium:deviceName":"cd70ce02","appium:fullReset":false,"appium:newCommandTimeout":14,"appium:noReset":true,"platformName":"android"}]}}&amp#27;[39m
[debug] &amp#27;[35m[W3C]&amp#27;[39m Calling AppiumDriver.createSession() with args: [{"app":"E:\\simple data provider\\udemy_framework\\src\\Samvitha_v1.3_F200_Dec23.apk","appActivity":"com.wrizto.samvita.healthcare.LoginActivity","appPackage":"com.wrizto.samvita.healthcare","noReset":true,"newCommandTimeout":14,"adbExecTimeout":90000,"automationName":"uiautomator2","platformName":"Android","deviceName":"cd70ce02","fullReset":false},null,{"firstMatch":[{"appium:adbExecTimeout":90000,"appium:app":"E:\\simple data provider\\udemy_framework\\src\\Samvitha_v1.3_F200_Dec23.apk","appium:appActivity":"com.wrizto.samvita.healthcare.LoginActivity","appium:appPackage":"com.wrizto.samvita.healthcare","appium:automationName":"uiautomator2","appium:deviceName":"cd70ce02","appium:fullReset":false,"appium:newCommandTimeout":14,"appium:noReset":true,"platformName":"android"}]}]
[debug] &amp#27;[35m[BaseDriver]&amp#27;[39m Event 'newSessionRequested' logged at 1651234610465 (17:46:50 GMT+0530 (India Standard Time))
&amp#27;[35m[Appium]&amp#27;[39m Appium v1.22.1 creating new AndroidUiautomator2Driver (v1.70.1) session
[debug] &amp#27;[35m[BaseDriver]&amp#27;[39m W3C capabilities and MJSONWP desired capabilities were provided
[debug] &amp#27;[35m[BaseDriver]&amp#27;[39m Creating session with W3C capabilities: {
[debug] &amp#27;[35m[BaseDriver]&amp#27;[39m   "alwaysMatch": {
[debug] &amp#27;[35m[BaseDriver]&amp#27;[39m     "platformName": "android",
[debug] &amp#27;[35m[BaseDriver]&amp#27;[39m     "appium:adbExecTimeout": 90000,
[debug] &amp#27;[35m[BaseDriver]&amp#27;[39m     "appium:app": "E:\\simple data provider\\udemy_framework\\src\\Samvitha_v1.3_F200_Dec23.apk",
[debug] &amp#27;[35m[BaseDriver]&amp#27;[39m     "appium:appActivity": "com.wrizto.samvita.healthcare.LoginActivity",
[debug] &amp#27;[35m[BaseDriver]&amp#27;[39m     "appium:appPackage": "com.wrizto.samvita.healthcare",
[debug] &amp#27;[35m[BaseDriver]&amp#27;[39m     "appium:automationName": "uiautomator2",
[debug] &amp#27;[35m[BaseDriver]&amp#27;[39m     "appium:deviceName": "cd70ce02",
[debug] &amp#27;[35m[BaseDriver]&amp#27;[39m     "appium:fullReset": false,
[debug] &amp#27;[35m[BaseDriver]&amp#27;[39m     "appium:newCommandTimeout": 14,
[debug] &amp#27;[35m[BaseDriver]&amp#27;[39m     "appium:noReset": true
[debug] &amp#27;[35m[BaseDriver]&amp#27;[39m   },
[debug] &amp#27;[35m[BaseDriver]&amp#27;[39m   "firstMatch": [
[debug] &amp#27;[35m[BaseDriver]&amp#27;[39m     {}
[debug] &amp#27;[35m[BaseDriver]&amp#27;[39m   ]
[debug] &amp#27;[35m[BaseDriver]&amp#27;[39m }
&amp#27;[35m[BaseDriver]&amp#27;[39m Session created with session id: 3e2224d5-44aa-48fe-aa49-cc3a06f18cf9
&amp#27;[35m[BaseDriver]&amp#27;[39m Using local app 'E:\simple data provider\udemy_framework\src\Samvitha_v1.3_F200_Dec23.apk'
[debug] &amp#27;[35m[UiAutomator2]&amp#27;[39m Checking whether app is actually present
&amp#27;[35m[ADB]&amp#27;[39m Found 2 'build-tools' folders under 'C:\Users\A\AppData\Local\Android\Sdk' (newest first):
&amp#27;[35m[ADB]&amp#27;[39m     C:/Users/A/AppData/Local/Android/Sdk/build-tools/32.0.0
&amp#27;[35m[ADB]&amp#27;[39m     C:/Users/A/AppData/Local/Android/Sdk/build-tools/30.0.2
&amp#27;[35m[ADB]&amp#27;[39m Using 'adb.exe' from 'C:\Users\A\AppData\Local\Android\Sdk\platform-tools\adb.exe'
[debug] &amp#27;[35m[ADB]&amp#27;[39m Running 'C:\Users\A\AppData\Local\Android\Sdk\platform-tools\adb.exe -P 5037 start-server'
&amp#27;[35m[AndroidDriver]&amp#27;[39m Retrieving device list
[debug] &amp#27;[35m[ADB]&amp#27;[39m Trying to find a connected android device
[debug] &amp#27;[35m[ADB]&amp#27;[39m Getting connected devices
[debug] &amp#27;[35m[ADB]&amp#27;[39m Connected devices: [{"udid":"cd70ce02","state":"device"}]
&amp#27;[35m[AndroidDriver]&amp#27;[39m Using device: cd70ce02
&amp#27;[35m[ADB]&amp#27;[39m Using 'adb.exe' from 'C:\Users\A\AppData\Local\Android\Sdk\platform-tools\adb.exe'
[debug] &amp#27;[35m[ADB]&amp#27;[39m Running 'C:\Users\A\AppData\Local\Android\Sdk\platform-tools\adb.exe -P 5037 start-server'
[debug] &amp#27;[35m[ADB]&amp#27;[39m Setting device id to cd70ce02
[debug] &amp#27;[35m[ADB]&amp#27;[39m Running 'C:\Users\A\AppData\Local\Android\Sdk\platform-tools\adb.exe -P 5037 -s cd70ce02 shell getprop ro.build.version.sdk'
[debug] &amp#27;[35m[ADB]&amp#27;[39m Current device property 'ro.build.version.sdk': 27
[debug] &amp#27;[35m[ADB]&amp#27;[39m Device API level: 27
[debug] &amp#27;[35m[ADB]&amp#27;[39m Running 'C:\Users\A\AppData\Local\Android\Sdk\platform-tools\adb.exe -P 5037 -s cd70ce02 wait-for-device'
[debug] &amp#27;[35m[ADB]&amp#27;[39m Running 'C:\Users\A\AppData\Local\Android\Sdk\platform-tools\adb.exe -P 5037 -s cd70ce02 shell echo ping'
[debug] &amp#27;[35m[AndroidDriver]&amp#27;[39m Pushing settings apk to device...
[debug] &amp#27;[35m[ADB]&amp#27;[39m Getting install status for io.appium.settings
[debug] &amp#27;[35m[ADB]&amp#27;[39m Running 'C:\Users\A\AppData\Local\Android\Sdk\platform-tools\adb.exe -P 5037 -s cd70ce02 shell dumpsys package io.appium.settings'
[debug] &amp#27;[35m[ADB]&amp#27;[39m 'io.appium.settings' is installed
[debug] &amp#27;[35m[ADB]&amp#27;[39m Getting package info for 'io.appium.settings'
[debug] &amp#27;[35m[ADB]&amp#27;[39m Running 'C:\Users\A\AppData\Local\Android\Sdk\platform-tools\adb.exe -P 5037 -s cd70ce02 shell dumpsys package io.appium.settings'
[debug] &amp#27;[35m[ADB]&amp#27;[39m The version name of the installed 'io.appium.settings' is greater or equal to the application version name ('3.4.0' >= '3.4.0')
[debug] &amp#27;[35m[ADB]&amp#27;[39m There is no need to install/upgrade 'C:\Users\A\AppData\Roaming\npm\node_modules\appium\node_modules\io.appium.settings\apks\settings_apk-debug.apk'
[debug] &amp#27;[35m[ADB]&amp#27;[39m Getting IDs of all 'io.appium.settings' processes
[debug] &amp#27;[35m[ADB]&amp#27;[39m Running 'C:\Users\A\AppData\Local\Android\Sdk\platform-tools\adb.exe -P 5037 -s cd70ce02 shell 'pgrep --help; echo $?''
[debug] &amp#27;[35m[ADB]&amp#27;[39m Running 'C:\Users\A\AppData\Local\Android\Sdk\platform-tools\adb.exe -P 5037 -s cd70ce02 shell pgrep -f \(\[\[:blank:\]\]\|\^\)io\.appium\.settings\(\[\[:blank:\]\]\|\$\)'
[debug] &amp#27;[35m[AndroidDriver]&amp#27;[39m io.appium.settings is already running. There is no need to reset its permissions.
[debug] &amp#27;[35m[ADB]&amp#27;[39m Running 'C:\Users\A\AppData\Local\Android\Sdk\platform-tools\adb.exe -P 5037 -s cd70ce02 shell appops set io.appium.settings android:mock_location allow'
[debug] &amp#27;[35m[Logcat]&amp#27;[39m Starting logs capture with command: C:\\Users\\A\\AppData\\Local\\Android\\Sdk\\platform-tools\\adb.exe -P 5037 -s cd70ce02 logcat -v threadtime
[debug] &amp#27;[35m[UiAutomator2]&amp#27;[39m Forwarding UiAutomator2 Server port 6790 to local port 8200
[debug] &amp#27;[35m[ADB]&amp#27;[39m Forwarding system: 8200 to device: 6790
[debug] &amp#27;[35m[ADB]&amp#27;[39m Running 'C:\Users\A\AppData\Local\Android\Sdk\platform-tools\adb.exe -P 5037 -s cd70ce02 forward tcp:8200 tcp:6790'
[debug] &amp#27;[35m[ADB]&amp#27;[39m Getting install status for io.appium.uiautomator2.server
[debug] &amp#27;[35m[ADB]&amp#27;[39m Running 'C:\Users\A\AppData\Local\Android\Sdk\platform-tools\adb.exe -P 5037 -s cd70ce02 shell dumpsys package io.appium.uiautomator2.server'
[debug] &amp#27;[35m[ADB]&amp#27;[39m 'io.appium.uiautomator2.server' is installed
[debug] &amp#27;[35m[ADB]&amp#27;[39m Getting package info for 'io.appium.uiautomator2.server'
[debug] &amp#27;[35m[ADB]&amp#27;[39m Running 'C:\Users\A\AppData\Local\Android\Sdk\platform-tools\adb.exe -P 5037 -s cd70ce02 shell dumpsys package io.appium.uiautomator2.server'
[debug] &amp#27;[35m[ADB]&amp#27;[39m The version name of the installed 'io.appium.uiautomator2.server' is greater or equal to the application version name ('4.27.0' >= '4.27.0')
[debug] &amp#27;[35m[UiAutomator2]&amp#27;[39m io.appium.uiautomator2.server installation state: sameVersionInstalled
[debug] &amp#27;[35m[ADB]&amp#27;[39m Checking app cert for C:\Users\A\AppData\Roaming\npm\node_modules\appium\node_modules\appium-uiautomator2-server\apks\appium-uiautomator2-server-v4.27.0.apk
&amp#27;[35m[ADB]&amp#27;[39m Using 'apksigner.jar' from 'C:\Users\A\AppData\Local\Android\Sdk\build-tools\32.0.0\lib\apksigner.jar'
[debug] &amp#27;[35m[ADB]&amp#27;[39m Starting apksigner: 'C:\\Program Files\\Java\\jdk1.8.0_321\\bin\\java.exe' -Xmx1024M -Xss1m -jar C:\\Users\\A\\AppData\\Local\\Android\\Sdk\\build-tools\\32.0.0\\lib\\apksigner.jar verify --print-certs C:\\Users\\A\\AppData\\Roaming\\npm\\node_modules\\appium\\node_modules\\appium-uiautomator2-server\\apks\\appium-uiautomator2-server-v4.27.0.apk
[debug] &amp#27;[35m[ADB]&amp#27;[39m apksigner stdout: Signer #1 certificate DN: EMAILADDRESS=android@android.com, CN=Android, OU=Android, O=Android, L=Mountain View, ST=California, C=US
[debug] &amp#27;[35m[ADB]&amp#27;[39m Signer #1 certificate SHA-256 digest: a40da80a59d170caa950cf15c18c454d47a39b26989d8b640ecd745ba71bf5dc
[debug] &amp#27;[35m[ADB]&amp#27;[39m Signer #1 certificate SHA-1 digest: 61ed377e85d386a8dfee6b864bd85b0bfaa5af81
[debug] &amp#27;[35m[ADB]&amp#27;[39m Signer #1 certificate MD5 digest: e89b158e4bcf988ebd09eb83f5378e87
[debug] &amp#27;[35m[ADB]&amp#27;[39m 
[debug] &amp#27;[35m[ADB]&amp#27;[39m sha256 hash did match for 'appium-uiautomator2-server-v4.27.0.apk'
&amp#27;[35m[ADB]&amp#27;[39m 'C:\Users\A\AppData\Roaming\npm\node_modules\appium\node_modules\appium-uiautomator2-server\apks\appium-uiautomator2-server-v4.27.0.apk' is signed with the default certificate
[debug] &amp#27;[35m[ADB]&amp#27;[39m Getting install status for io.appium.uiautomator2.server.test
[debug] &amp#27;[35m[ADB]&amp#27;[39m Running 'C:\Users\A\AppData\Local\Android\Sdk\platform-tools\adb.exe -P 5037 -s cd70ce02 shell dumpsys package io.appium.uiautomator2.server.test'
[debug] &amp#27;[35m[ADB]&amp#27;[39m 'io.appium.uiautomator2.server.test' is installed
[debug] &amp#27;[35m[ADB]&amp#27;[39m Checking app cert for C:\Users\A\AppData\Roaming\npm\node_modules\appium\node_modules\appium-uiautomator2-server\apks\appium-uiautomator2-server-debug-androidTest.apk
[debug] &amp#27;[35m[ADB]&amp#27;[39m Starting apksigner: 'C:\\Program Files\\Java\\jdk1.8.0_321\\bin\\java.exe' -Xmx1024M -Xss1m -jar C:\\Users\\A\\AppData\\Local\\Android\\Sdk\\build-tools\\32.0.0\\lib\\apksigner.jar verify --print-certs C:\\Users\\A\\AppData\\Roaming\\npm\\node_modules\\appium\\node_modules\\appium-uiautomator2-server\\apks\\appium-uiautomator2-server-debug-androidTest.apk
[debug] &amp#27;[35m[ADB]&amp#27;[39m apksigner stdout: Signer #1 certificate DN: EMAILADDRESS=android@android.com, CN=Android, OU=Android, O=Android, L=Mountain View, ST=California, C=US
[debug] &amp#27;[35m[ADB]&amp#27;[39m Signer #1 certificate SHA-256 digest: a40da80a59d170caa950cf15c18c454d47a39b26989d8b640ecd745ba71bf5dc
[debug] &amp#27;[35m[ADB]&amp#27;[39m Signer #1 certificate SHA-1 digest: 61ed377e85d386a8dfee6b864bd85b0bfaa5af81
[debug] &amp#27;[35m[ADB]&amp#27;[39m Signer #1 certificate MD5 digest: e89b158e4bcf988ebd09eb83f5378e87
[debug] &amp#27;[35m[ADB]&amp#27;[39m 
[debug] &amp#27;[35m[ADB]&amp#27;[39m sha256 hash did match for 'appium-uiautomator2-server-debug-androidTest.apk'
&amp#27;[35m[ADB]&amp#27;[39m 'C:\Users\A\AppData\Roaming\npm\node_modules\appium\node_modules\appium-uiautomator2-server\apks\appium-uiautomator2-server-debug-androidTest.apk' is signed with the default certificate
&amp#27;[35m[UiAutomator2]&amp#27;[39m Server packages are not going to be (re)installed
[debug] &amp#27;[35m[UiAutomator2]&amp#27;[39m Waiting up to 30000ms for services to be available
[debug] &amp#27;[35m[ADB]&amp#27;[39m Running 'C:\Users\A\AppData\Local\Android\Sdk\platform-tools\adb.exe -P 5037 -s cd70ce02 shell pm list instrumentation'
[debug] &amp#27;[35m[UiAutomator2]&amp#27;[39m Instrumentation target 'io.appium.uiautomator2.server.test/androidx.test.runner.AndroidJUnitRunner' is available
&amp#27;[35m[ADB]&amp#27;[39m Adding packages ["io.appium.settings","io.appium.uiautomator2.server","io.appium.uiautomator2.server.test"] to Doze whitelist
[debug] &amp#27;[35m[ADB]&amp#27;[39m Got the following command chunks to execute: [["dumpsys","deviceidle","whitelist","+io.appium.settings",";","dumpsys","deviceidle","whitelist","+io.appium.uiautomator2.server",";","dumpsys","deviceidle","whitelist","+io.appium.uiautomator2.server.test",";"]]
[debug] &amp#27;[35m[ADB]&amp#27;[39m Running 'C:\Users\A\AppData\Local\Android\Sdk\platform-tools\adb.exe -P 5037 -s cd70ce02 shell dumpsys deviceidle whitelist +io.appium.settings ; dumpsys deviceidle whitelist +io.appium.uiautomator2.server ; dumpsys deviceidle whitelist +io.appium.uiautomator2.server.test ;'
[debug] &amp#27;[35m[ADB]&amp#27;[39m Checking app cert for E:\simple data provider\udemy_framework\src\Samvitha_v1.3_F200_Dec23.apk
[debug] &amp#27;[35m[ADB]&amp#27;[39m Starting apksigner: 'C:\\Program Files\\Java\\jdk1.8.0_321\\bin\\java.exe' -Xmx1024M -Xss1m -jar C:\\Users\\A\\AppData\\Local\\Android\\Sdk\\build-tools\\32.0.0\\lib\\apksigner.jar verify --print-certs 'E:\\simple data provider\\udemy_framework\\src\\Samvitha_v1.3_F200_Dec23.apk'
[debug] &amp#27;[35m[ADB]&amp#27;[39m apksigner stdout: Signer #1 certificate DN: C=US, O=Android, CN=Android Debug
[debug] &amp#27;[35m[ADB]&amp#27;[39m Signer #1 certificate SHA-256 digest: 9fda256ee3ba858019bd4da10341fd5a26e5446d99cbdd4e2e9b810d3bf6e887
[debug] &amp#27;[35m[ADB]&amp#27;[39m Signer #1 certificate SHA-1 digest: 5be00d93d273fea9f0e88db562478baf7ab06aae
[debug] &amp#27;[35m[ADB]&amp#27;[39m Signer #1 certificate MD5 digest: f11f0f3c3000a3b0071f4aa1d38e87d2
[debug] &amp#27;[35m[ADB]&amp#27;[39m 
&amp#27;[35m[ADB]&amp#27;[39m 'E:\simple data provider\udemy_framework\src\Samvitha_v1.3_F200_Dec23.apk' is signed with a non-default certificate
[debug] &amp#27;[35m[ADB]&amp#27;[39m Getting install status for com.wrizto.samvita.healthcare
[debug] &amp#27;[35m[ADB]&amp#27;[39m Running 'C:\Users\A\AppData\Local\Android\Sdk\platform-tools\adb.exe -P 5037 -s cd70ce02 shell dumpsys package com.wrizto.samvita.healthcare'
[debug] &amp#27;[35m[ADB]&amp#27;[39m 'com.wrizto.samvita.healthcare' is installed
[debug] &amp#27;[35m[ADB]&amp#27;[39m Getting package info for 'com.wrizto.samvita.healthcare'
[debug] &amp#27;[35m[ADB]&amp#27;[39m Running 'C:\Users\A\AppData\Local\Android\Sdk\platform-tools\adb.exe -P 5037 -s cd70ce02 shell dumpsys package com.wrizto.samvita.healthcare'
[debug] &amp#27;[35m[ADB]&amp#27;[39m The version name of the installed 'com.wrizto.samvita.healthcare' is greater or equal to the application version name ('1.2.0' >= '1.2.0')
[debug] &amp#27;[35m[ADB]&amp#27;[39m There is no need to install/upgrade 'E:\simple data provider\udemy_framework\src\Samvitha_v1.3_F200_Dec23.apk'
[debug] &amp#27;[35m[UiAutomator2]&amp#27;[39m Performing shallow cleanup of automation leftovers
[debug] &amp#27;[35m[UiAutomator2]&amp#27;[39m The following obsolete sessions are still running: ["97c64eb1-7d4a-448e-8aef-9f486507dfcb"]
[debug] &amp#27;[35m[UiAutomator2]&amp#27;[39m Cleaning up 1 obsolete session
[debug] &amp#27;[35m[ADB]&amp#27;[39m Running 'C:\Users\A\AppData\Local\Android\Sdk\platform-tools\adb.exe -P 5037 -s cd70ce02 shell am force-stop io.appium.uiautomator2.server.test'
&amp#27;[35m[UiAutomator2]&amp#27;[39m Starting UIAutomator2 server 4.27.0
&amp#27;[35m[UiAutomator2]&amp#27;[39m Using UIAutomator2 server from 'C:\Users\A\AppData\Roaming\npm\node_modules\appium\node_modules\appium-uiautomator2-server\apks\appium-uiautomator2-server-v4.27.0.apk' and test from 'C:\Users\A\AppData\Roaming\npm\node_modules\appium\node_modules\appium-uiautomator2-server\apks\appium-uiautomator2-server-debug-androidTest.apk'
&amp#27;[35m[UiAutomator2]&amp#27;[39m Waiting up to 30000ms for UiAutomator2 to be online...
[debug] &amp#27;[35m[ADB]&amp#27;[39m Creating ADB subprocess with args: ["-P",5037,"-s","cd70ce02","shell","am","instrument","-w","-e","disableAnalytics",true,"io.appium.uiautomator2.server.test/androidx.test.runner.AndroidJUnitRunner"]
[debug] &amp#27;[35m[WD Proxy]&amp#27;[39m Matched '/status' to command name 'getStatus'
[debug] &amp#27;[35m[WD Proxy]&amp#27;[39m Proxying [GET /status] to [GET http://127.0.0.1:8200/wd/hub/status] with no body
&amp#27;[35m[WD Proxy]&amp#27;[39m socket hang up
[debug] &amp#27;[35m[WD Proxy]&amp#27;[39m Matched '/status' to command name 'getStatus'
[debug] &amp#27;[35m[WD Proxy]&amp#27;[39m Proxying [GET /status] to [GET http://127.0.0.1:8200/wd/hub/status] with no body
&amp#27;[35m[WD Proxy]&amp#27;[39m socket hang up
[debug] &amp#27;[35m[WD Proxy]&amp#27;[39m Matched '/status' to command name 'getStatus'
[debug] &amp#27;[35m[WD Proxy]&amp#27;[39m Proxying [GET /status] to [GET http://127.0.0.1:8200/wd/hub/status] with no body
&amp#27;[35m[WD Proxy]&amp#27;[39m socket hang up
[debug] &amp#27;[35m[Instrumentation]&amp#27;[39m io.appium.uiautomator2.server.test.AppiumUiAutomator2Server:
[debug] &amp#27;[35m[WD Proxy]&amp#27;[39m Matched '/status' to command name 'getStatus'
[debug] &amp#27;[35m[WD Proxy]&amp#27;[39m Proxying [GET /status] to [GET http://127.0.0.1:8200/wd/hub/status] with no body
&amp#27;[35m[WD Proxy]&amp#27;[39m socket hang up
[debug] &amp#27;[35m[WD Proxy]&amp#27;[39m Matched '/status' to command name 'getStatus'
[debug] &amp#27;[35m[WD Proxy]&amp#27;[39m Proxying [GET /status] to [GET http://127.0.0.1:8200/wd/hub/status] with no body
&amp#27;[35m[WD Proxy]&amp#27;[39m socket hang up
[debug] &amp#27;[35m[WD Proxy]&amp#27;[39m Matched '/status' to command name 'getStatus'
[debug] &amp#27;[35m[WD Proxy]&amp#27;[39m Proxying [GET /status] to [GET http://127.0.0.1:8200/wd/hub/status] with no body
[debug] &amp#27;[35m[WD Proxy]&amp#27;[39m Got response with status 200: {"sessionId":"None","value":{"message":"UiAutomator2 Server is ready to accept commands","ready":true}}
[debug] &amp#27;[35m[UiAutomator2]&amp#27;[39m The initialization of the instrumentation process took 5310ms
[debug] &amp#27;[35m[WD Proxy]&amp#27;[39m Matched '/session' to command name 'createSession'
[debug] &amp#27;[35m[WD Proxy]&amp#27;[39m Proxying [POST /session] to [POST http://127.0.0.1:8200/wd/hub/session] with body: {"capabilities":{"firstMatch":[{"platform":"LINUX","webStorageEnabled":false,"takesScreenshot":true,"javascriptEnabled":true,"databaseEnabled":false,"networkConnectionEnabled":true,"locationContextEnabled":false,"warnings":{},"desired":{"platformName":"android","adbExecTimeout":90000,"app":"E:\\simple data provider\\udemy_framework\\src\\Samvitha_v1.3_F200_Dec23.apk","appActivity":"com.wrizto.samvita.healthcare.LoginActivity","appPackage":"com.wrizto.samvita.healthcare","automationName":"uiautomator2","deviceName":"cd70ce02","fullReset":false,"newCommandTimeout":14,"noReset":true},"platformName":"android","adbExecTimeout":90000,"app":"E:\\simple data provider\\udemy_framework\\src\\Samvitha_v1.3_F200_Dec23.apk","appActivity":"com.wrizto.samvita.healthcare.LoginActivity","appPackage":"com.wrizto.samvita.healthcare","automationName":"uiautomator2","deviceName":"cd70ce02","fullReset":false,"newCommandTimeout":14,"noReset":true,"deviceUDID":"cd70ce02"}],"alwaysMatch":{}}}
[debug] &amp#27;[35m[WD Proxy]&amp#27;[39m Got response with status 200: {"sessionId":"316c9b00-92b9-4fcb-98ee-d8975eb2d240","value":{"capabilities":{"firstMatch":[{"platform":"LINUX","webStorageEnabled":false,"takesScreenshot":true,"javascriptEnabled":true,"databaseEnabled":false,"networkConnectionEnabled":true,"locationContextEnabled":false,"warnings":{},"desired":{"platformName":"android","adbExecTimeout":90000,"app":"E:\\simple data provider\\udemy_framework\\src\\Samvitha_v1.3_F200_Dec23.apk","appActivity":"com.wrizto.samvita.healthcare.LoginActivity","appPackage":"com.wrizto.samvita.healthcare","automationName":"uiautomator2","deviceName":"cd70ce02","fullReset":false,"newCommandTimeout":14,"noReset":true},"platformName":"android","adbExecTimeout":90000,"app":"E:\\simple data provider\\udemy_framework\\src\\Samvitha_v1.3_F200_Dec23.apk","appActivity":"com.wrizto.samvita.healthcare.LoginActivity","appPackage":"com.wrizto.samvita.healthcare","automationName":"uiautomator2","deviceName":"cd70ce02","fullReset":false,"newCommandTimeout":14,"noReset":true,"deviceUDID":"cd70ce02"...
&amp#27;[35m[WD Proxy]&amp#27;[39m Determined the downstream protocol as 'W3C'
[debug] &amp#27;[35m[WD Proxy]&amp#27;[39m Proxying [GET /appium/device/info] to [GET http://127.0.0.1:8200/wd/hub/session/316c9b00-92b9-4fcb-98ee-d8975eb2d240/appium/device/info] with no body
[debug] &amp#27;[35m[WD Proxy]&amp#27;[39m Got response with status 200: {"sessionId":"316c9b00-92b9-4fcb-98ee-d8975eb2d240","value":{"androidId":"208ef076de72d2ba","apiVersion":"27","bluetooth":{"state":"ON"},"brand":"Lenovo","carrierName":"","displayDensity":160,"locale":"en_IN","manufacturer":"LENOVO","model":"Lenovo TB-X304L","networks":[{"capabilities":{"SSID":null,"linkDownBandwidthKbps":1048576,"linkUpstreamBandwidthKbps":1048576,"networkCapabilities":"NET_CAPABILITY_NOT_METERED,NET_CAPABILITY_INTERNET,NET_CAPABILITY_NOT_RESTRICTED,NET_CAPABILITY_TRUSTED,NET_CAPABILITY_NOT_VPN,NET_CAPABILITY_VALIDATED,NET_CAPABILITY_NOT_ROAMING","signalStrength":-56,"transportTypes":"TRANSPORT_WIFI"},"detailedState":"CONNECTED","extraInfo":"\"Agada\"","isAvailable":true,"isConnected":true,"isFailover":false,"isRoaming":false,"state":"CONNECTED","subtype":0,"subtypeName":"","type":1,"typeName":"WIFI"}],"platformVersion":"8.1.0","realDisplaySize":"1280x800","timeZone":"Asia/Kolkata"}}
[debug] &amp#27;[35m[ADB]&amp#27;[39m Running 'C:\Users\A\AppData\Local\Android\Sdk\platform-tools\adb.exe -P 5037 -s cd70ce02 shell dumpsys window'
&amp#27;[35m[AndroidDriver]&amp#27;[39m Screen already unlocked, doing nothing
&amp#27;[35m[UiAutomator2]&amp#27;[39m Starting 'com.wrizto.samvita.healthcare/com.wrizto.samvita.healthcare.LoginActivity and waiting for 'com.wrizto.samvita.healthcare/com.wrizto.samvita.healthcare.LoginActivity'
[debug] &amp#27;[35m[ADB]&amp#27;[39m Running 'C:\Users\A\AppData\Local\Android\Sdk\platform-tools\adb.exe -P 5037 -s cd70ce02 shell am start -W -n com.wrizto.samvita.healthcare/com.wrizto.samvita.healthcare.LoginActivity -S -a android.intent.action.MAIN -c android.intent.category.LAUNCHER -f 0x10200000'
[debug] &amp#27;[35m[WD Proxy]&amp#27;[39m Proxying [GET /appium/device/pixel_ratio] to [GET http://127.0.0.1:8200/wd/hub/session/316c9b00-92b9-4fcb-98ee-d8975eb2d240/appium/device/pixel_ratio] with no body
[debug] &amp#27;[35m[WD Proxy]&amp#27;[39m Got response with status 200: {"sessionId":"316c9b00-92b9-4fcb-98ee-d8975eb2d240","value":1}
[debug] &amp#27;[35m[WD Proxy]&amp#27;[39m Matched '/appium/device/system_bars' to command name 'getSystemBars'
[debug] &amp#27;[35m[WD Proxy]&amp#27;[39m Proxying [GET /appium/device/system_bars] to [GET http://127.0.0.1:8200/wd/hub/session/316c9b00-92b9-4fcb-98ee-d8975eb2d240/appium/device/system_bars] with no body
[debug] &amp#27;[35m[WD Proxy]&amp#27;[39m Got response with status 200: {"sessionId":"316c9b00-92b9-4fcb-98ee-d8975eb2d240","value":{"statusBar":24}}
[debug] &amp#27;[35m[WD Proxy]&amp#27;[39m Matched '/window/current/size' to command name 'getWindowSize'
[debug] &amp#27;[35m[WD Proxy]&amp#27;[39m Proxying [GET /window/current/size] to [GET http://127.0.0.1:8200/wd/hub/session/316c9b00-92b9-4fcb-98ee-d8975eb2d240/window/current/size] with no body
[debug] &amp#27;[35m[WD Proxy]&amp#27;[39m Got response with status 200: {"sessionId":"316c9b00-92b9-4fcb-98ee-d8975eb2d240","value":{"height":752,"width":1280}}
&amp#27;[35m[Appium]&amp#27;[39m New AndroidUiautomator2Driver session created successfully, session 3e2224d5-44aa-48fe-aa49-cc3a06f18cf9 added to master session list
[debug] &amp#27;[35m[BaseDriver]&amp#27;[39m Event 'newSessionStarted' logged at 1651234628668 (17:47:08 GMT+0530 (India Standard Time))
[debug] &amp#27;[35m[W3C (3e2224d5)]&amp#27;[39m Cached the protocol value 'W3C' for the new session 3e2224d5-44aa-48fe-aa49-cc3a06f18cf9
[debug] &amp#27;[35m[W3C (3e2224d5)]&amp#27;[39m Responding to client with driver.createSession() result: {"capabilities":{"platform":"LINUX","webStorageEnabled":false,"takesScreenshot":true,"javascriptEnabled":true,"databaseEnabled":false,"networkConnectionEnabled":true,"locationContextEnabled":false,"warnings":{},"desired":{"platformName":"android","adbExecTimeout":90000,"app":"E:\\simple data provider\\udemy_framework\\src\\Samvitha_v1.3_F200_Dec23.apk","appActivity":"com.wrizto.samvita.healthcare.LoginActivity","appPackage":"com.wrizto.samvita.healthcare","automationName":"uiautomator2","deviceName":"cd70ce02","fullReset":false,"newCommandTimeout":14,"noReset":true},"platformName":"android","adbExecTimeout":90000,"app":"E:\\simple data provider\\udemy_framework\\src\\Samvitha_v1.3_F200_Dec23.apk","appActivity":"com.wrizto.samvita.healthcare.LoginActivity","appPackage":"com.wrizto.samvita.healthcare","automationName":"uiautomator2","deviceName":"cd70ce02","fullReset":false,"newCommandTimeout":14,"noReset":true,"deviceUDID":"cd70ce02","deviceApiLevel":27,"platformVersion":"8.1.0","deviceScreenSize":"1280x800...
&amp#27;[35m[HTTP]&amp#27;[39m &amp#27;[37m<-- POST /wd/hub/session &amp#27;[39m&amp#27;[32m200&amp#27;[39m &amp#27;[90m18220 ms - 1268&amp#27;[39m
&amp#27;[35m[HTTP]&amp#27;[39m &amp#27;[90m&amp#27;[39m
&amp#27;[35m[HTTP]&amp#27;[39m &amp#27;[37m-->&amp#27;[39m &amp#27;[37mPOST&amp#27;[39m &amp#27;[37m/wd/hub/session/3e2224d5-44aa-48fe-aa49-cc3a06f18cf9/appium/settings&amp#27;[39m
&amp#27;[35m[HTTP]&amp#27;[39m &amp#27;[90m{"settings":{"waitForIdleTimeout":5000}}&amp#27;[39m
[debug] &amp#27;[35m[W3C (3e2224d5)]&amp#27;[39m Calling AppiumDriver.updateSettings() with args: [{"waitForIdleTimeout":5000},"3e2224d5-44aa-48fe-aa49-cc3a06f18cf9"]
&amp#27;[35m[UiAutomator2]&amp#27;[39m Forwarding the following settings to the UiAutomator2 server: ["waitForIdleTimeout"]
[debug] &amp#27;[35m[WD Proxy]&amp#27;[39m Matched '/appium/settings' to command name 'updateSettings'
[debug] &amp#27;[35m[WD Proxy]&amp#27;[39m Proxying [POST /appium/settings] to [POST http://127.0.0.1:8200/wd/hub/session/316c9b00-92b9-4fcb-98ee-d8975eb2d240/appium/settings] with body: {"settings":{"waitForIdleTimeout":5000}}
[debug] &amp#27;[35m[WD Proxy]&amp#27;[39m Got response with status 200: {"sessionId":"316c9b00-92b9-4fcb-98ee-d8975eb2d240","value":null}
[debug] &amp#27;[35m[W3C (3e2224d5)]&amp#27;[39m Responding to client with driver.updateSettings() result: null
&amp#27;[35m[HTTP]&amp#27;[39m &amp#27;[37m<-- POST /wd/hub/session/3e2224d5-44aa-48fe-aa49-cc3a06f18cf9/appium/settings &amp#27;[39m&amp#27;[32m200&amp#27;[39m &amp#27;[90m74 ms - 14&amp#27;[39m
&amp#27;[35m[HTTP]&amp#27;[39m &amp#27;[90m&amp#27;[39m
&amp#27;[35m[HTTP]&amp#27;[39m &amp#27;[37m-->&amp#27;[39m &amp#27;[37mPOST&amp#27;[39m &amp#27;[37m/wd/hub/session/3e2224d5-44aa-48fe-aa49-cc3a06f18cf9/timeouts&amp#27;[39m
&amp#27;[35m[HTTP]&amp#27;[39m &amp#27;[90m{"implicit":10000}&amp#27;[39m
[debug] &amp#27;[35m[W3C (3e2224d5)]&amp#27;[39m Calling AppiumDriver.timeouts() with args: [null,null,null,null,10000,"3e2224d5-44aa-48fe-aa49-cc3a06f18cf9"]
[debug] &amp#27;[35m[BaseDriver]&amp#27;[39m W3C timeout argument: {"implicit":10000}}
[debug] &amp#27;[35m[BaseDriver]&amp#27;[39m Set implicit wait to 10000ms
[debug] &amp#27;[35m[W3C (3e2224d5)]&amp#27;[39m Responding to client with driver.timeouts() result: null
&amp#27;[35m[HTTP]&amp#27;[39m &amp#27;[37m<-- POST /wd/hub/session/3e2224d5-44aa-48fe-aa49-cc3a06f18cf9/timeouts &amp#27;[39m&amp#27;[32m200&amp#27;[39m &amp#27;[90m7 ms - 14&amp#27;[39m
&amp#27;[35m[HTTP]&amp#27;[39m &amp#27;[90m&amp#27;[39m
&amp#27;[35m[HTTP]&amp#27;[39m &amp#27;[37m-->&amp#27;[39m &amp#27;[37mPOST&amp#27;[39m &amp#27;[37m/wd/hub/session/3e2224d5-44aa-48fe-aa49-cc3a06f18cf9/timeouts&amp#27;[39m
&amp#27;[35m[HTTP]&amp#27;[39m &amp#27;[90m{"implicit":10000}&amp#27;[39m
[debug] &amp#27;[35m[W3C (3e2224d5)]&amp#27;[39m Calling AppiumDriver.timeouts() with args: [null,null,null,null,10000,"3e2224d5-44aa-48fe-aa49-cc3a06f18cf9"]
[debug] &amp#27;[35m[BaseDriver]&amp#27;[39m W3C timeout argument: {"implicit":10000}}
[debug] &amp#27;[35m[BaseDriver]&amp#27;[39m Set implicit wait to 10000ms
[debug] &amp#27;[35m[W3C (3e2224d5)]&amp#27;[39m Responding to client with driver.timeouts() result: null
&amp#27;[35m[HTTP]&amp#27;[39m &amp#27;[37m<-- POST /wd/hub/session/3e2224d5-44aa-48fe-aa49-cc3a06f18cf9/timeouts &amp#27;[39m&amp#27;[32m200&amp#27;[39m &amp#27;[90m5 ms - 14&amp#27;[39m
&amp#27;[35m[HTTP]&amp#27;[39m &amp#27;[90m&amp#27;[39m
&amp#27;[35m[HTTP]&amp#27;[39m &amp#27;[37m-->&amp#27;[39m &amp#27;[37mGET&amp#27;[39m &amp#27;[37m/wd/hub/session/3e2224d5-44aa-48fe-aa49-cc3a06f18cf9/context&amp#27;[39m
&amp#27;[35m[HTTP]&amp#27;[39m &amp#27;[90m{}&amp#27;[39m
[debug] &amp#27;[35m[W3C (3e2224d5)]&amp#27;[39m Calling AppiumDriver.getCurrentContext() with args: ["3e2224d5-44aa-48fe-aa49-cc3a06f18cf9"]
[debug] &amp#27;[35m[W3C (3e2224d5)]&amp#27;[39m Responding to client with driver.getCurrentContext() result: "NATIVE_APP"
&amp#27;[35m[HTTP]&amp#27;[39m &amp#27;[37m<-- GET /wd/hub/session/3e2224d5-44aa-48fe-aa49-cc3a06f18cf9/context &amp#27;[39m&amp#27;[32m200&amp#27;[39m &amp#27;[90m7 ms - 22&amp#27;[39m
&amp#27;[35m[HTTP]&amp#27;[39m &amp#27;[90m&amp#27;[39m
&amp#27;[35m[HTTP]&amp#27;[39m &amp#27;[37m-->&amp#27;[39m &amp#27;[37mPOST&amp#27;[39m &amp#27;[37m/wd/hub/session/3e2224d5-44aa-48fe-aa49-cc3a06f18cf9/element&amp#27;[39m
&amp#27;[35m[HTTP]&amp#27;[39m &amp#27;[90m{"using":"id","value":"com.wrizto.samvita.healthcare:id/username"}&amp#27;[39m
[debug] &amp#27;[35m[W3C (3e2224d5)]&amp#27;[39m Calling AppiumDriver.findElement() with args: ["id","com.wrizto.samvita.healthcare:id/username","3e2224d5-44aa-48fe-aa49-cc3a06f18cf9"]
[debug] &amp#27;[35m[BaseDriver]&amp#27;[39m Valid locator strategies for this request: xpath, id, class name, accessibility id, css selector, -android uiautomator
[debug] &amp#27;[35m[BaseDriver]&amp#27;[39m Waiting up to 10000 ms for condition
[debug] &amp#27;[35m[WD Proxy]&amp#27;[39m Matched '/element' to command name 'findElement'
[debug] &amp#27;[35m[WD Proxy]&amp#27;[39m Proxying [POST /element] to [POST http://127.0.0.1:8200/wd/hub/session/316c9b00-92b9-4fcb-98ee-d8975eb2d240/element] with body: {"strategy":"id","selector":"com.wrizto.samvita.healthcare:id/username","context":"","multiple":false}
[debug] &amp#27;[35m[WD Proxy]&amp#27;[39m Got response with status 200: {"sessionId":"316c9b00-92b9-4fcb-98ee-d8975eb2d240","value":{"ELEMENT":"00000000-0000-012e-ffff-ffff00000000","element-6066-11e4-a52e-4f735466cecf":"00000000-0000-012e-ffff-ffff00000000"}}
[debug] &amp#27;[35m[W3C (3e2224d5)]&amp#27;[39m Responding to client with driver.findElement() result: {"element-6066-11e4-a52e-4f735466cecf":"00000000-0000-012e-ffff-ffff00000000","ELEMENT":"00000000-0000-012e-ffff-ffff00000000"}
&amp#27;[35m[HTTP]&amp#27;[39m &amp#27;[37m<-- POST /wd/hub/session/3e2224d5-44aa-48fe-aa49-cc3a06f18cf9/element &amp#27;[39m&amp#27;[32m200&amp#27;[39m &amp#27;[90m1652 ms - 137&amp#27;[39m
&amp#27;[35m[HTTP]&amp#27;[39m &amp#27;[90m&amp#27;[39m
&amp#27;[35m[HTTP]&amp#27;[39m &amp#27;[37m-->&amp#27;[39m &amp#27;[37mPOST&amp#27;[39m &amp#27;[37m/wd/hub/session/3e2224d5-44aa-48fe-aa49-cc3a06f18cf9/element/00000000-0000-012e-ffff-ffff00000000/value&amp#27;[39m
&amp#27;[35m[HTTP]&amp#27;[39m &amp#27;[90m{"id":"00000000-0000-012e-ffff-ffff00000000","text":"F200test1","value":["F","2","0","0","t","e","s","t","1"]}&amp#27;[39m
[debug] &amp#27;[35m[W3C (3e2224d5)]&amp#27;[39m Calling AppiumDriver.setValue() with args: [["F","2","0","0","t","e","s","t","1"],"00000000-0000-012e-ffff-ffff00000000","3e2224d5-44aa-48fe-aa49-cc3a06f18cf9"]
[debug] &amp#27;[35m[WD Proxy]&amp#27;[39m Matched '/element/00000000-0000-012e-ffff-ffff00000000/value' to command name 'setValue'
[debug] &amp#27;[35m[Protocol Converter]&amp#27;[39m Added 'value' property ["F","2","0","0","t","e","s","t","1"] to 'setValue' request body
[debug] &amp#27;[35m[WD Proxy]&amp#27;[39m Proxying [POST /element/00000000-0000-012e-ffff-ffff00000000/value] to [POST http://127.0.0.1:8200/wd/hub/session/316c9b00-92b9-4fcb-98ee-d8975eb2d240/element/00000000-0000-012e-ffff-ffff00000000/value] with body: {"elementId":"00000000-0000-012e-ffff-ffff00000000","text":"F200test1","replace":false,"value":["F","2","0","0","t","e","s","t","1"]}
[debug] &amp#27;[35m[WD Proxy]&amp#27;[39m Got response with status 200: {"sessionId":"316c9b00-92b9-4fcb-98ee-d8975eb2d240","value":null}
[debug] &amp#27;[35m[W3C (3e2224d5)]&amp#27;[39m Responding to client with driver.setValue() result: null
&amp#27;[35m[HTTP]&amp#27;[39m &amp#27;[37m<-- POST /wd/hub/session/3e2224d5-44aa-48fe-aa49-cc3a06f18cf9/element/00000000-0000-012e-ffff-ffff00000000/value &amp#27;[39m&amp#27;[32m200&amp#27;[39m &amp#27;[90m1861 ms - 14&amp#27;[39m
&amp#27;[35m[HTTP]&amp#27;[39m &amp#27;[90m&amp#27;[39m
&amp#27;[35m[HTTP]&amp#27;[39m &amp#27;[37m-->&amp#27;[39m &amp#27;[37mPOST&amp#27;[39m &amp#27;[37m/wd/hub/session/3e2224d5-44aa-48fe-aa49-cc3a06f18cf9/appium/device/hide_keyboard&amp#27;[39m
&amp#27;[35m[HTTP]&amp#27;[39m &amp#27;[90m{}&amp#27;[39m
[debug] &amp#27;[35m[W3C (3e2224d5)]&amp#27;[39m Calling AppiumDriver.hideKeyboard() with args: [null,null,null,null,"3e2224d5-44aa-48fe-aa49-cc3a06f18cf9"]
[debug] &amp#27;[35m[ADB]&amp#27;[39m Running 'C:\Users\A\AppData\Local\Android\Sdk\platform-tools\adb.exe -P 5037 -s cd70ce02 shell dumpsys input_method'
[debug] &amp#27;[35m[ADB]&amp#27;[39m Running 'C:\Users\A\AppData\Local\Android\Sdk\platform-tools\adb.exe -P 5037 -s cd70ce02 shell input keyevent 111'
[debug] &amp#27;[35m[ADB]&amp#27;[39m Running 'C:\Users\A\AppData\Local\Android\Sdk\platform-tools\adb.exe -P 5037 -s cd70ce02 shell dumpsys input_method'
[debug] &amp#27;[35m[W3C (3e2224d5)]&amp#27;[39m Responding to client with driver.hideKeyboard() result: true
&amp#27;[35m[HTTP]&amp#27;[39m &amp#27;[37m<-- POST /wd/hub/session/3e2224d5-44aa-48fe-aa49-cc3a06f18cf9/appium/device/hide_keyboard &amp#27;[39m&amp#27;[32m200&amp#27;[39m &amp#27;[90m3003 ms - 14&amp#27;[39m
&amp#27;[35m[HTTP]&amp#27;[39m &amp#27;[90m&amp#27;[39m
&amp#27;[35m[HTTP]&amp#27;[39m &amp#27;[37m-->&amp#27;[39m &amp#27;[37mGET&amp#27;[39m &amp#27;[37m/wd/hub/session/3e2224d5-44aa-48fe-aa49-cc3a06f18cf9/context&amp#27;[39m
&amp#27;[35m[HTTP]&amp#27;[39m &amp#27;[90m{}&amp#27;[39m
[debug] &amp#27;[35m[W3C (3e2224d5)]&amp#27;[39m Calling AppiumDriver.getCurrentContext() with args: ["3e2224d5-44aa-48fe-aa49-cc3a06f18cf9"]
[debug] &amp#27;[35m[W3C (3e2224d5)]&amp#27;[39m Responding to client with driver.getCurrentContext() result: "NATIVE_APP"
&amp#27;[35m[HTTP]&amp#27;[39m &amp#27;[37m<-- GET /wd/hub/session/3e2224d5-44aa-48fe-aa49-cc3a06f18cf9/context &amp#27;[39m&amp#27;[32m200&amp#27;[39m &amp#27;[90m4 ms - 22&amp#27;[39m
&amp#27;[35m[HTTP]&amp#27;[39m &amp#27;[90m&amp#27;[39m
&amp#27;[35m[HTTP]&amp#27;[39m &amp#27;[37m-->&amp#27;[39m &amp#27;[37mPOST&amp#27;[39m &amp#27;[37m/wd/hub/session/3e2224d5-44aa-48fe-aa49-cc3a06f18cf9/element&amp#27;[39m
&amp#27;[35m[HTTP]&amp#27;[39m &amp#27;[90m{"using":"id","value":"com.wrizto.samvita.healthcare:id/password"}&amp#27;[39m
[debug] &amp#27;[35m[W3C (3e2224d5)]&amp#27;[39m Calling AppiumDriver.findElement() with args: ["id","com.wrizto.samvita.healthcare:id/password","3e2224d5-44aa-48fe-aa49-cc3a06f18cf9"]
[debug] &amp#27;[35m[BaseDriver]&amp#27;[39m Valid locator strategies for this request: xpath, id, class name, accessibility id, css selector, -android uiautomator
[debug] &amp#27;[35m[BaseDriver]&amp#27;[39m Waiting up to 10000 ms for condition
[debug] &amp#27;[35m[WD Proxy]&amp#27;[39m Matched '/element' to command name 'findElement'
[debug] &amp#27;[35m[WD Proxy]&amp#27;[39m Proxying [POST /element] to [POST http://127.0.0.1:8200/wd/hub/session/316c9b00-92b9-4fcb-98ee-d8975eb2d240/element] with body: {"strategy":"id","selector":"com.wrizto.samvita.healthcare:id/password","context":"","multiple":false}
[debug] &amp#27;[35m[WD Proxy]&amp#27;[39m Got response with status 200: {"sessionId":"316c9b00-92b9-4fcb-98ee-d8975eb2d240","value":{"ELEMENT":"00000000-0000-012e-ffff-ffff00000014","element-6066-11e4-a52e-4f735466cecf":"00000000-0000-012e-ffff-ffff00000014"}}
[debug] &amp#27;[35m[W3C (3e2224d5)]&amp#27;[39m Responding to client with driver.findElement() result: {"element-6066-11e4-a52e-4f735466cecf":"00000000-0000-012e-ffff-ffff00000014","ELEMENT":"00000000-0000-012e-ffff-ffff00000014"}
&amp#27;[35m[HTTP]&amp#27;[39m &amp#27;[37m<-- POST /wd/hub/session/3e2224d5-44aa-48fe-aa49-cc3a06f18cf9/element &amp#27;[39m&amp#27;[32m200&amp#27;[39m &amp#27;[90m146 ms - 137&amp#27;[39m
&amp#27;[35m[HTTP]&amp#27;[39m &amp#27;[90m&amp#27;[39m
&amp#27;[35m[HTTP]&amp#27;[39m &amp#27;[37m-->&amp#27;[39m &amp#27;[37mPOST&amp#27;[39m &amp#27;[37m/wd/hub/session/3e2224d5-44aa-48fe-aa49-cc3a06f18cf9/element/00000000-0000-012e-ffff-ffff00000014/value&amp#27;[39m
&amp#27;[35m[HTTP]&amp#27;[39m &amp#27;[90m{"id":"00000000-0000-012e-ffff-ffff00000014","text":"wenzins","value":["w","e","n","z","i","n","s"]}&amp#27;[39m
[debug] &amp#27;[35m[W3C (3e2224d5)]&amp#27;[39m Calling AppiumDriver.setValue() with args: [["w","e","n","z","i","n","s"],"00000000-0000-012e-ffff-ffff00000014","3e2224d5-44aa-48fe-aa49-cc3a06f18cf9"]
[debug] &amp#27;[35m[WD Proxy]&amp#27;[39m Matched '/element/00000000-0000-012e-ffff-ffff00000014/value' to command name 'setValue'
[debug] &amp#27;[35m[Protocol Converter]&amp#27;[39m Added 'value' property ["w","e","n","z","i","n","s"] to 'setValue' request body
[debug] &amp#27;[35m[WD Proxy]&amp#27;[39m Proxying [POST /element/00000000-0000-012e-ffff-ffff00000014/value] to [POST http://127.0.0.1:8200/wd/hub/session/316c9b00-92b9-4fcb-98ee-d8975eb2d240/element/00000000-0000-012e-ffff-ffff00000014/value] with body: {"elementId":"00000000-0000-012e-ffff-ffff00000014","text":"wenzins","replace":false,"value":["w","e","n","z","i","n","s"]}
[debug] &amp#27;[35m[WD Proxy]&amp#27;[39m Got response with status 200: {"sessionId":"316c9b00-92b9-4fcb-98ee-d8975eb2d240","value":null}
[debug] &amp#27;[35m[W3C (3e2224d5)]&amp#27;[39m Responding to client with driver.setValue() result: null
&amp#27;[35m[HTTP]&amp#27;[39m &amp#27;[37m<-- POST /wd/hub/session/3e2224d5-44aa-48fe-aa49-cc3a06f18cf9/element/00000000-0000-012e-ffff-ffff00000014/value &amp#27;[39m&amp#27;[32m200&amp#27;[39m &amp#27;[90m1094 ms - 14&amp#27;[39m
&amp#27;[35m[HTTP]&amp#27;[39m &amp#27;[90m&amp#27;[39m
&amp#27;[35m[HTTP]&amp#27;[39m &amp#27;[37m-->&amp#27;[39m &amp#27;[37mGET&amp#27;[39m &amp#27;[37m/wd/hub/session/3e2224d5-44aa-48fe-aa49-cc3a06f18cf9/context&amp#27;[39m
&amp#27;[35m[HTTP]&amp#27;[39m &amp#27;[90m{}&amp#27;[39m
[debug] &amp#27;[35m[W3C (3e2224d5)]&amp#27;[39m Calling AppiumDriver.getCurrentContext() with args: ["3e2224d5-44aa-48fe-aa49-cc3a06f18cf9"]
[debug] &amp#27;[35m[W3C (3e2224d5)]&amp#27;[39m Responding to client with driver.getCurrentContext() result: "NATIVE_APP"
&amp#27;[35m[HTTP]&amp#27;[39m &amp#27;[37m<-- GET /wd/hub/session/3e2224d5-44aa-48fe-aa49-cc3a06f18cf9/context &amp#27;[39m&amp#27;[32m200&amp#27;[39m &amp#27;[90m6 ms - 22&amp#27;[39m
&amp#27;[35m[HTTP]&amp#27;[39m &amp#27;[90m&amp#27;[39m
&amp#27;[35m[HTTP]&amp#27;[39m &amp#27;[37m-->&amp#27;[39m &amp#27;[37mPOST&amp#27;[39m &amp#27;[37m/wd/hub/session/3e2224d5-44aa-48fe-aa49-cc3a06f18cf9/element&amp#27;[39m
&amp#27;[35m[HTTP]&amp#27;[39m &amp#27;[90m{"using":"id","value":"com.wrizto.samvita.healthcare:id/btnSignIn"}&amp#27;[39m
[debug] &amp#27;[35m[W3C (3e2224d5)]&amp#27;[39m Calling AppiumDriver.findElement() with args: ["id","com.wrizto.samvita.healthcare:id/btnSignIn","3e2224d5-44aa-48fe-aa49-cc3a06f18cf9"]
[debug] &amp#27;[35m[BaseDriver]&amp#27;[39m Valid locator strategies for this request: xpath, id, class name, accessibility id, css selector, -android uiautomator
[debug] &amp#27;[35m[BaseDriver]&amp#27;[39m Waiting up to 10000 ms for condition
[debug] &amp#27;[35m[WD Proxy]&amp#27;[39m Matched '/element' to command name 'findElement'
[debug] &amp#27;[35m[WD Proxy]&amp#27;[39m Proxying [POST /element] to [POST http://127.0.0.1:8200/wd/hub/session/316c9b00-92b9-4fcb-98ee-d8975eb2d240/element] with body: {"strategy":"id","selector":"com.wrizto.samvita.healthcare:id/btnSignIn","context":"","multiple":false}
[debug] &amp#27;[35m[WD Proxy]&amp#27;[39m Got response with status 200: {"sessionId":"316c9b00-92b9-4fcb-98ee-d8975eb2d240","value":{"ELEMENT":"00000000-0000-012e-ffff-ffff0000000e","element-6066-11e4-a52e-4f735466cecf":"00000000-0000-012e-ffff-ffff0000000e"}}
[debug] &amp#27;[35m[W3C (3e2224d5)]&amp#27;[39m Responding to client with driver.findElement() result: {"element-6066-11e4-a52e-4f735466cecf":"00000000-0000-012e-ffff-ffff0000000e","ELEMENT":"00000000-0000-012e-ffff-ffff0000000e"}
&amp#27;[35m[HTTP]&amp#27;[39m &amp#27;[37m<-- POST /wd/hub/session/3e2224d5-44aa-48fe-aa49-cc3a06f18cf9/element &amp#27;[39m&amp#27;[32m200&amp#27;[39m &amp#27;[90m678 ms - 137&amp#27;[39m
&amp#27;[35m[HTTP]&amp#27;[39m &amp#27;[90m&amp#27;[39m
&amp#27;[35m[HTTP]&amp#27;[39m &amp#27;[37m-->&amp#27;[39m &amp#27;[37mPOST&amp#27;[39m &amp#27;[37m/wd/hub/session/3e2224d5-44aa-48fe-aa49-cc3a06f18cf9/element/00000000-0000-012e-ffff-ffff0000000e/click&amp#27;[39m
&amp#27;[35m[HTTP]&amp#27;[39m &amp#27;[90m{"id":"00000000-0000-012e-ffff-ffff0000000e"}&amp#27;[39m
[debug] &amp#27;[35m[W3C (3e2224d5)]&amp#27;[39m Calling AppiumDriver.click() with args: ["00000000-0000-012e-ffff-ffff0000000e","3e2224d5-44aa-48fe-aa49-cc3a06f18cf9"]
[debug] &amp#27;[35m[WD Proxy]&amp#27;[39m Matched '/element/00000000-0000-012e-ffff-ffff0000000e/click' to command name 'click'
[debug] &amp#27;[35m[WD Proxy]&amp#27;[39m Proxying [POST /element/00000000-0000-012e-ffff-ffff0000000e/click] to [POST http://127.0.0.1:8200/wd/hub/session/316c9b00-92b9-4fcb-98ee-d8975eb2d240/element/00000000-0000-012e-ffff-ffff0000000e/click] with body: {"element":"00000000-0000-012e-ffff-ffff0000000e"}
[debug] &amp#27;[35m[WD Proxy]&amp#27;[39m Got response with status 200: {"sessionId":"316c9b00-92b9-4fcb-98ee-d8975eb2d240","value":null}
[debug] &amp#27;[35m[W3C (3e2224d5)]&amp#27;[39m Responding to client with driver.click() result: null
&amp#27;[35m[HTTP]&amp#27;[39m &amp#27;[37m<-- POST /wd/hub/session/3e2224d5-44aa-48fe-aa49-cc3a06f18cf9/element/00000000-0000-012e-ffff-ffff0000000e/click &amp#27;[39m&amp#27;[32m200&amp#27;[39m &amp#27;[90m80 ms - 14&amp#27;[39m
&amp#27;[35m[HTTP]&amp#27;[39m &amp#27;[90m&amp#27;[39m
&amp#27;[35m[HTTP]&amp#27;[39m &amp#27;[37m-->&amp#27;[39m &amp#27;[37mGET&amp#27;[39m &amp#27;[37m/wd/hub/session/3e2224d5-44aa-48fe-aa49-cc3a06f18cf9/context&amp#27;[39m
&amp#27;[35m[HTTP]&amp#27;[39m &amp#27;[90m{}&amp#27;[39m
[debug] &amp#27;[35m[W3C (3e2224d5)]&amp#27;[39m Calling AppiumDriver.getCurrentContext() with args: ["3e2224d5-44aa-48fe-aa49-cc3a06f18cf9"]
[debug] &amp#27;[35m[W3C (3e2224d5)]&amp#27;[39m Responding to client with driver.getCurrentContext() result: "NATIVE_APP"
&amp#27;[35m[HTTP]&amp#27;[39m &amp#27;[37m<-- GET /wd/hub/session/3e2224d5-44aa-48fe-aa49-cc3a06f18cf9/context &amp#27;[39m&amp#27;[32m200&amp#27;[39m &amp#27;[90m2 ms - 22&amp#27;[39m
&amp#27;[35m[HTTP]&amp#27;[39m &amp#27;[90m&amp#27;[39m
&amp#27;[35m[HTTP]&amp#27;[39m &amp#27;[37m-->&amp#27;[39m &amp#27;[37mPOST&amp#27;[39m &amp#27;[37m/wd/hub/session/3e2224d5-44aa-48fe-aa49-cc3a06f18cf9/element&amp#27;[39m
&amp#27;[35m[HTTP]&amp#27;[39m &amp#27;[90m{"using":"id","value":"com.wrizto.samvita.healthcare:id/all_list_rb"}&amp#27;[39m
[debug] &amp#27;[35m[W3C (3e2224d5)]&amp#27;[39m Calling AppiumDriver.findElement() with args: ["id","com.wrizto.samvita.healthcare:id/all_list_rb","3e2224d5-44aa-48fe-aa49-cc3a06f18cf9"]
[debug] &amp#27;[35m[BaseDriver]&amp#27;[39m Valid locator strategies for this request: xpath, id, class name, accessibility id, css selector, -android uiautomator
[debug] &amp#27;[35m[BaseDriver]&amp#27;[39m Waiting up to 10000 ms for condition
[debug] &amp#27;[35m[WD Proxy]&amp#27;[39m Matched '/element' to command name 'findElement'
[debug] &amp#27;[35m[WD Proxy]&amp#27;[39m Proxying [POST /element] to [POST http://127.0.0.1:8200/wd/hub/session/316c9b00-92b9-4fcb-98ee-d8975eb2d240/element] with body: {"strategy":"id","selector":"com.wrizto.samvita.healthcare:id/all_list_rb","context":"","multiple":false}
&amp#27;[35m[WD Proxy]&amp#27;[39m Got response with status 404: {"sessionId":"316c9b00-92b9-4fcb-98ee-d8975eb2d240","value":{"error":"no such element","message":"An element could not be located on the page using the given search parameters","stacktrace":"io.appium.uiautomator2.common.exceptions.ElementNotFoundException: An element could not be located on the page using the given search parameters\n\tat io.appium.uiautomator2.handler.FindElement.safeHandle(FindElement.java:70)\n\tat io.appium.uiautomator2.handler.request.SafeRequestHandler.handle(SafeRequestHandler.java:59)\n\tat io.appium.uiautomator2.server.AppiumServlet.handleRequest(AppiumServlet.java:266)\n\tat io.appium.uiautomator2.server.AppiumServlet.handleHttpRequest(AppiumServlet.java:260)\n\tat io.appium.uiautomator2.http.ServerHandler.channelRead(ServerHandler.java:68)\n\tat io.netty.channel.AbstractChannelHandlerContext.invokeChannelRead(AbstractChannelHandlerContext.java:366)\n\tat io.netty.channel.AbstractChannelHandlerContext.invokeChannelRead(AbstractChannelHandlerContext.java:352)\n\tat io.netty.chann...
[debug] &amp#27;[35m[W3C]&amp#27;[39m Matched W3C error code 'no such element' to NoSuchElementError
[debug] &amp#27;[35m[BaseDriver]&amp#27;[39m Waited for 413 ms so far
[debug] &amp#27;[35m[WD Proxy]&amp#27;[39m Matched '/element' to command name 'findElement'
[debug] &amp#27;[35m[WD Proxy]&amp#27;[39m Proxying [POST /element] to [POST http://127.0.0.1:8200/wd/hub/session/316c9b00-92b9-4fcb-98ee-d8975eb2d240/element] with body: {"strategy":"id","selector":"com.wrizto.samvita.healthcare:id/all_list_rb","context":"","multiple":false}
&amp#27;[35m[WD Proxy]&amp#27;[39m Got response with status 404: {"sessionId":"316c9b00-92b9-4fcb-98ee-d8975eb2d240","value":{"error":"no such element","message":"An element could not be located on the page using the given search parameters","stacktrace":"io.appium.uiautomator2.common.exceptions.ElementNotFoundException: An element could not be located on the page using the given search parameters\n\tat io.appium.uiautomator2.handler.FindElement.safeHandle(FindElement.java:70)\n\tat io.appium.uiautomator2.handler.request.SafeRequestHandler.handle(SafeRequestHandler.java:59)\n\tat io.appium.uiautomator2.server.AppiumServlet.handleRequest(AppiumServlet.java:266)\n\tat io.appium.uiautomator2.server.AppiumServlet.handleHttpRequest(AppiumServlet.java:260)\n\tat io.appium.uiautomator2.http.ServerHandler.channelRead(ServerHandler.java:68)\n\tat io.netty.channel.AbstractChannelHandlerContext.invokeChannelRead(AbstractChannelHandlerContext.java:366)\n\tat io.netty.channel.AbstractChannelHandlerContext.invokeChannelRead(AbstractChannelHandlerContext.java:352)\n\tat io.netty.chann...
[debug] &amp#27;[35m[W3C]&amp#27;[39m Matched W3C error code 'no such element' to NoSuchElementError
[debug] &amp#27;[35m[BaseDriver]&amp#27;[39m Waited for 3838 ms so far
[debug] &amp#27;[35m[WD Proxy]&amp#27;[39m Matched '/element' to command name 'findElement'
[debug] &amp#27;[35m[WD Proxy]&amp#27;[39m Proxying [POST /element] to [POST http://127.0.0.1:8200/wd/hub/session/316c9b00-92b9-4fcb-98ee-d8975eb2d240/element] with body: {"strategy":"id","selector":"com.wrizto.samvita.healthcare:id/all_list_rb","context":"","multiple":false}
[debug] &amp#27;[35m[WD Proxy]&amp#27;[39m Got response with status 200: {"sessionId":"316c9b00-92b9-4fcb-98ee-d8975eb2d240","value":{"ELEMENT":"00000000-0000-0133-ffff-ffff00000045","element-6066-11e4-a52e-4f735466cecf":"00000000-0000-0133-ffff-ffff00000045"}}
[debug] &amp#27;[35m[W3C (3e2224d5)]&amp#27;[39m Responding to client with driver.findElement() result: {"element-6066-11e4-a52e-4f735466cecf":"00000000-0000-0133-ffff-ffff00000045","ELEMENT":"00000000-0000-0133-ffff-ffff00000045"}
&amp#27;[35m[HTTP]&amp#27;[39m &amp#27;[37m<-- POST /wd/hub/session/3e2224d5-44aa-48fe-aa49-cc3a06f18cf9/element &amp#27;[39m&amp#27;[32m200&amp#27;[39m &amp#27;[90m5884 ms - 137&amp#27;[39m
&amp#27;[35m[HTTP]&amp#27;[39m &amp#27;[90m&amp#27;[39m
&amp#27;[35m[HTTP]&amp#27;[39m &amp#27;[37m-->&amp#27;[39m &amp#27;[37mPOST&amp#27;[39m &amp#27;[37m/wd/hub/session/3e2224d5-44aa-48fe-aa49-cc3a06f18cf9/element/00000000-0000-0133-ffff-ffff00000045/click&amp#27;[39m
&amp#27;[35m[HTTP]&amp#27;[39m &amp#27;[90m{"id":"00000000-0000-0133-ffff-ffff00000045"}&amp#27;[39m
[debug] &amp#27;[35m[W3C (3e2224d5)]&amp#27;[39m Calling AppiumDriver.click() with args: ["00000000-0000-0133-ffff-ffff00000045","3e2224d5-44aa-48fe-aa49-cc3a06f18cf9"]
[debug] &amp#27;[35m[WD Proxy]&amp#27;[39m Matched '/element/00000000-0000-0133-ffff-ffff00000045/click' to command name 'click'
[debug] &amp#27;[35m[WD Proxy]&amp#27;[39m Proxying [POST /element/00000000-0000-0133-ffff-ffff00000045/click] to [POST http://127.0.0.1:8200/wd/hub/session/316c9b00-92b9-4fcb-98ee-d8975eb2d240/element/00000000-0000-0133-ffff-ffff00000045/click] with body: {"element":"00000000-0000-0133-ffff-ffff00000045"}
[debug] &amp#27;[35m[WD Proxy]&amp#27;[39m Got response with status 200: {"sessionId":"316c9b00-92b9-4fcb-98ee-d8975eb2d240","value":null}
[debug] &amp#27;[35m[W3C (3e2224d5)]&amp#27;[39m Responding to client with driver.click() result: null
&amp#27;[35m[HTTP]&amp#27;[39m &amp#27;[37m<-- POST /wd/hub/session/3e2224d5-44aa-48fe-aa49-cc3a06f18cf9/element/00000000-0000-0133-ffff-ffff00000045/click &amp#27;[39m&amp#27;[32m200&amp#27;[39m &amp#27;[90m80 ms - 14&amp#27;[39m
&amp#27;[35m[HTTP]&amp#27;[39m &amp#27;[90m&amp#27;[39m
&amp#27;[35m[HTTP]&amp#27;[39m &amp#27;[37m-->&amp#27;[39m &amp#27;[37mPOST&amp#27;[39m &amp#27;[37m/wd/hub/session/3e2224d5-44aa-48fe-aa49-cc3a06f18cf9/element&amp#27;[39m
&amp#27;[35m[HTTP]&amp#27;[39m &amp#27;[90m{"using":"-android uiautomator","value":"new UiScrollable(new UiSelector().scrollable(true).instance(0)).scrollIntoView(new UiSelector().textContains(\"Akazuki6 a\").instance(0))"}&amp#27;[39m
[debug] &amp#27;[35m[W3C (3e2224d5)]&amp#27;[39m Calling AppiumDriver.findElement() with args: ["-android uiautomator","new UiScrollable(new UiSelector().scrollable(true).instance(0)).scrollIntoView(new UiSelector().textContains(\"Akazuki6 a\").instance(0))","3e2224d5-44aa-48fe-aa49-cc3a06f18cf9"]
[debug] &amp#27;[35m[BaseDriver]&amp#27;[39m Valid locator strategies for this request: xpath, id, class name, accessibility id, css selector, -android uiautomator
[debug] &amp#27;[35m[BaseDriver]&amp#27;[39m Waiting up to 10000 ms for condition
[debug] &amp#27;[35m[WD Proxy]&amp#27;[39m Matched '/element' to command name 'findElement'
[debug] &amp#27;[35m[WD Proxy]&amp#27;[39m Proxying [POST /element] to [POST http://127.0.0.1:8200/wd/hub/session/316c9b00-92b9-4fcb-98ee-d8975eb2d240/element] with body: {"strategy":"-android uiautomator","selector":"new UiScrollable(new UiSelector().scrollable(true).instance(0)).scrollIntoView(new UiSelector().textContains(\"Akazuki6 a\").instance(0))","context":"","multiple":false}
[debug] &amp#27;[35m[WD Proxy]&amp#27;[39m Got response with status 200: {"sessionId":"316c9b00-92b9-4fcb-98ee-d8975eb2d240","value":{"ELEMENT":"00000000-0000-0133-ffff-ffff0000016a","element-6066-11e4-a52e-4f735466cecf":"00000000-0000-0133-ffff-ffff0000016a"}}
[debug] &amp#27;[35m[W3C (3e2224d5)]&amp#27;[39m Responding to client with driver.findElement() result: {"element-6066-11e4-a52e-4f735466cecf":"00000000-0000-0133-ffff-ffff0000016a","ELEMENT":"00000000-0000-0133-ffff-ffff0000016a"}
&amp#27;[35m[HTTP]&amp#27;[39m &amp#27;[37m<-- POST /wd/hub/session/3e2224d5-44aa-48fe-aa49-cc3a06f18cf9/element &amp#27;[39m&amp#27;[32m200&amp#27;[39m &amp#27;[90m12924 ms - 137&amp#27;[39m
&amp#27;[35m[HTTP]&amp#27;[39m &amp#27;[90m&amp#27;[39m
&amp#27;[35m[HTTP]&amp#27;[39m &amp#27;[37m-->&amp#27;[39m &amp#27;[37mGET&amp#27;[39m &amp#27;[37m/wd/hub/session/3e2224d5-44aa-48fe-aa49-cc3a06f18cf9/context&amp#27;[39m
&amp#27;[35m[HTTP]&amp#27;[39m &amp#27;[90m{}&amp#27;[39m
[debug] &amp#27;[35m[W3C (3e2224d5)]&amp#27;[39m Calling AppiumDriver.getCurrentContext() with args: ["3e2224d5-44aa-48fe-aa49-cc3a06f18cf9"]
[debug] &amp#27;[35m[W3C (3e2224d5)]&amp#27;[39m Responding to client with driver.getCurrentContext() result: "NATIVE_APP"
&amp#27;[35m[HTTP]&amp#27;[39m &amp#27;[37m<-- GET /wd/hub/session/3e2224d5-44aa-48fe-aa49-cc3a06f18cf9/context &amp#27;[39m&amp#27;[32m200&amp#27;[39m &amp#27;[90m8 ms - 22&amp#27;[39m
&amp#27;[35m[HTTP]&amp#27;[39m &amp#27;[90m&amp#27;[39m
&amp#27;[35m[HTTP]&amp#27;[39m &amp#27;[37m-->&amp#27;[39m &amp#27;[37mPOST&amp#27;[39m &amp#27;[37m/wd/hub/session/3e2224d5-44aa-48fe-aa49-cc3a06f18cf9/elements&amp#27;[39m
&amp#27;[35m[HTTP]&amp#27;[39m &amp#27;[90m{"using":"id","value":"com.wrizto.samvita.healthcare:id/patient_name"}&amp#27;[39m
[debug] &amp#27;[35m[W3C (3e2224d5)]&amp#27;[39m Calling AppiumDriver.findElements() with args: ["id","com.wrizto.samvita.healthcare:id/patient_name","3e2224d5-44aa-48fe-aa49-cc3a06f18cf9"]
[debug] &amp#27;[35m[BaseDriver]&amp#27;[39m Valid locator strategies for this request: xpath, id, class name, accessibility id, css selector, -android uiautomator
[debug] &amp#27;[35m[BaseDriver]&amp#27;[39m Waiting up to 10000 ms for condition
[debug] &amp#27;[35m[WD Proxy]&amp#27;[39m Matched '/elements' to command name 'findElements'
[debug] &amp#27;[35m[WD Proxy]&amp#27;[39m Proxying [POST /elements] to [POST http://127.0.0.1:8200/wd/hub/session/316c9b00-92b9-4fcb-98ee-d8975eb2d240/elements] with body: {"strategy":"id","selector":"com.wrizto.samvita.healthcare:id/patient_name","context":"","multiple":true}
[debug] &amp#27;[35m[WD Proxy]&amp#27;[39m Got response with status 200: {"sessionId":"316c9b00-92b9-4fcb-98ee-d8975eb2d240","value":[{"ELEMENT":"00000000-0000-0133-ffff-ffff0000014c","element-6066-11e4-a52e-4f735466cecf":"00000000-0000-0133-ffff-ffff0000014c"},{"ELEMENT":"00000000-0000-0133-ffff-ffff0000016a","element-6066-11e4-a52e-4f735466cecf":"00000000-0000-0133-ffff-ffff0000016a"},{"ELEMENT":"00000000-0000-0133-ffff-ffff00000196","element-6066-11e4-a52e-4f735466cecf":"00000000-0000-0133-ffff-ffff00000196"},{"ELEMENT":"00000000-0000-0133-ffff-ffff0000006a","element-6066-11e4-a52e-4f735466cecf":"00000000-0000-0133-ffff-ffff0000006a"}]}
[debug] &amp#27;[35m[W3C (3e2224d5)]&amp#27;[39m Responding to client with driver.findElements() result: [{"element-6066-11e4-a52e-4f735466cecf":"00000000-0000-0133-ffff-ffff0000014c","ELEMENT":"00000000-0000-0133-ffff-ffff0000014c"},{"element-6066-11e4-a52e-4f735466cecf":"00000000-0000-0133-ffff-ffff0000016a","ELEMENT":"00000000-0000-0133-ffff-ffff0000016a"},{"element-6066-11e4-a52e-4f735466cecf":"00000000-0000-0133-ffff-ffff00000196","ELEMENT":"00000000-0000-0133-ffff-ffff00000196"},{"element-6066-11e4-a52e-4f735466cecf":"00000000-0000-0133-ffff-ffff0000006a","ELEMENT":"00000000-0000-0133-ffff-ffff0000006a"}]
&amp#27;[35m[HTTP]&amp#27;[39m &amp#27;[37m<-- POST /wd/hub/session/3e2224d5-44aa-48fe-aa49-cc3a06f18cf9/elements &amp#27;[39m&amp#27;[32m200&amp#27;[39m &amp#27;[90m226 ms - 523&amp#27;[39m
&amp#27;[35m[HTTP]&amp#27;[39m &amp#27;[90m&amp#27;[39m
&amp#27;[35m[HTTP]&amp#27;[39m &amp#27;[37m-->&amp#27;[39m &amp#27;[37mGET&amp#27;[39m &amp#27;[37m/wd/hub/session/3e2224d5-44aa-48fe-aa49-cc3a06f18cf9/context&amp#27;[39m
&amp#27;[35m[HTTP]&amp#27;[39m &amp#27;[90m{}&amp#27;[39m
[debug] &amp#27;[35m[W3C (3e2224d5)]&amp#27;[39m Calling AppiumDriver.getCurrentContext() with args: ["3e2224d5-44aa-48fe-aa49-cc3a06f18cf9"]
[debug] &amp#27;[35m[W3C (3e2224d5)]&amp#27;[39m Responding to client with driver.getCurrentContext() result: "NATIVE_APP"
&amp#27;[35m[HTTP]&amp#27;[39m &amp#27;[37m<-- GET /wd/hub/session/3e2224d5-44aa-48fe-aa49-cc3a06f18cf9/context &amp#27;[39m&amp#27;[32m200&amp#27;[39m &amp#27;[90m2 ms - 22&amp#27;[39m
&amp#27;[35m[HTTP]&amp#27;[39m &amp#27;[90m&amp#27;[39m
&amp#27;[35m[HTTP]&amp#27;[39m &amp#27;[37m-->&amp#27;[39m &amp#27;[37mPOST&amp#27;[39m &amp#27;[37m/wd/hub/session/3e2224d5-44aa-48fe-aa49-cc3a06f18cf9/elements&amp#27;[39m
&amp#27;[35m[HTTP]&amp#27;[39m &amp#27;[90m{"using":"id","value":"com.wrizto.samvita.healthcare:id/patient_name"}&amp#27;[39m
[debug] &amp#27;[35m[W3C (3e2224d5)]&amp#27;[39m Calling AppiumDriver.findElements() with args: ["id","com.wrizto.samvita.healthcare:id/patient_name","3e2224d5-44aa-48fe-aa49-cc3a06f18cf9"]
[debug] &amp#27;[35m[BaseDriver]&amp#27;[39m Valid locator strategies for this request: xpath, id, class name, accessibility id, css selector, -android uiautomator
[debug] &amp#27;[35m[BaseDriver]&amp#27;[39m Waiting up to 10000 ms for condition
[debug] &amp#27;[35m[WD Proxy]&amp#27;[39m Matched '/elements' to command name 'findElements'
[debug] &amp#27;[35m[WD Proxy]&amp#27;[39m Proxying [POST /elements] to [POST http://127.0.0.1:8200/wd/hub/session/316c9b00-92b9-4fcb-98ee-d8975eb2d240/elements] with body: {"strategy":"id","selector":"com.wrizto.samvita.healthcare:id/patient_name","context":"","multiple":true}
[debug] &amp#27;[35m[WD Proxy]&amp#27;[39m Got response with status 200: {"sessionId":"316c9b00-92b9-4fcb-98ee-d8975eb2d240","value":[{"ELEMENT":"00000000-0000-0133-ffff-ffff0000014c","element-6066-11e4-a52e-4f735466cecf":"00000000-0000-0133-ffff-ffff0000014c"},{"ELEMENT":"00000000-0000-0133-ffff-ffff0000016a","element-6066-11e4-a52e-4f735466cecf":"00000000-0000-0133-ffff-ffff0000016a"},{"ELEMENT":"00000000-0000-0133-ffff-ffff00000196","element-6066-11e4-a52e-4f735466cecf":"00000000-0000-0133-ffff-ffff00000196"},{"ELEMENT":"00000000-0000-0133-ffff-ffff0000006a","element-6066-11e4-a52e-4f735466cecf":"00000000-0000-0133-ffff-ffff0000006a"}]}
[debug] &amp#27;[35m[W3C (3e2224d5)]&amp#27;[39m Responding to client with driver.findElements() result: [{"element-6066-11e4-a52e-4f735466cecf":"00000000-0000-0133-ffff-ffff0000014c","ELEMENT":"00000000-0000-0133-ffff-ffff0000014c"},{"element-6066-11e4-a52e-4f735466cecf":"00000000-0000-0133-ffff-ffff0000016a","ELEMENT":"00000000-0000-0133-ffff-ffff0000016a"},{"element-6066-11e4-a52e-4f735466cecf":"00000000-0000-0133-ffff-ffff00000196","ELEMENT":"00000000-0000-0133-ffff-ffff00000196"},{"element-6066-11e4-a52e-4f735466cecf":"00000000-0000-0133-ffff-ffff0000006a","ELEMENT":"00000000-0000-0133-ffff-ffff0000006a"}]
&amp#27;[35m[HTTP]&amp#27;[39m &amp#27;[37m<-- POST /wd/hub/session/3e2224d5-44aa-48fe-aa49-cc3a06f18cf9/elements &amp#27;[39m&amp#27;[32m200&amp#27;[39m &amp#27;[90m753 ms - 523&amp#27;[39m
&amp#27;[35m[HTTP]&amp#27;[39m &amp#27;[90m&amp#27;[39m
&amp#27;[35m[HTTP]&amp#27;[39m &amp#27;[37m-->&amp#27;[39m &amp#27;[37mGET&amp#27;[39m &amp#27;[37m/wd/hub/session/3e2224d5-44aa-48fe-aa49-cc3a06f18cf9/element/00000000-0000-0133-ffff-ffff0000014c/text&amp#27;[39m
&amp#27;[35m[HTTP]&amp#27;[39m &amp#27;[90m{}&amp#27;[39m
&amp#27;[35m[W3C (3e2224d5)]&amp#27;[39m Driver proxy active, passing request on via HTTP proxy
[debug] &amp#27;[35m[WD Proxy]&amp#27;[39m Matched '/wd/hub/session/3e2224d5-44aa-48fe-aa49-cc3a06f18cf9/element/00000000-0000-0133-ffff-ffff0000014c/text' to command name 'getText'
[debug] &amp#27;[35m[WD Proxy]&amp#27;[39m Proxying [GET /wd/hub/session/3e2224d5-44aa-48fe-aa49-cc3a06f18cf9/element/00000000-0000-0133-ffff-ffff0000014c/text] to [GET http://127.0.0.1:8200/wd/hub/session/316c9b00-92b9-4fcb-98ee-d8975eb2d240/element/00000000-0000-0133-ffff-ffff0000014c/text] with no body
[debug] &amp#27;[35m[WD Proxy]&amp#27;[39m Got response with status 200: {"sessionId":"316c9b00-92b9-4fcb-98ee-d8975eb2d240","value":"Akazuki7 a"}
&amp#27;[35m[WD Proxy]&amp#27;[39m Replacing sessionId 316c9b00-92b9-4fcb-98ee-d8975eb2d240 with 3e2224d5-44aa-48fe-aa49-cc3a06f18cf9
&amp#27;[35m[HTTP]&amp#27;[39m &amp#27;[37m<-- GET /wd/hub/session/3e2224d5-44aa-48fe-aa49-cc3a06f18cf9/element/00000000-0000-0133-ffff-ffff0000014c/text &amp#27;[39m&amp#27;[32m200&amp#27;[39m &amp#27;[90m48 ms - 73&amp#27;[39m
&amp#27;[35m[HTTP]&amp#27;[39m &amp#27;[90m&amp#27;[39m
Akazuki7 a
&amp#27;[35m[HTTP]&amp#27;[39m &amp#27;[37m-->&amp#27;[39m &amp#27;[37mGET&amp#27;[39m &amp#27;[37m/wd/hub/session/3e2224d5-44aa-48fe-aa49-cc3a06f18cf9/context&amp#27;[39m
&amp#27;[35m[HTTP]&amp#27;[39m &amp#27;[90m{}&amp#27;[39m
[debug] &amp#27;[35m[W3C (3e2224d5)]&amp#27;[39m Calling AppiumDriver.getCurrentContext() with args: ["3e2224d5-44aa-48fe-aa49-cc3a06f18cf9"]
[debug] &amp#27;[35m[W3C (3e2224d5)]&amp#27;[39m Responding to client with driver.getCurrentContext() result: "NATIVE_APP"
&amp#27;[35m[HTTP]&amp#27;[39m &amp#27;[37m<-- GET /wd/hub/session/3e2224d5-44aa-48fe-aa49-cc3a06f18cf9/context &amp#27;[39m&amp#27;[32m200&amp#27;[39m &amp#27;[90m3 ms - 22&amp#27;[39m
&amp#27;[35m[HTTP]&amp#27;[39m &amp#27;[90m&amp#27;[39m
&amp#27;[35m[HTTP]&amp#27;[39m &amp#27;[37m-->&amp#27;[39m &amp#27;[37mPOST&amp#27;[39m &amp#27;[37m/wd/hub/session/3e2224d5-44aa-48fe-aa49-cc3a06f18cf9/elements&amp#27;[39m
&amp#27;[35m[HTTP]&amp#27;[39m &amp#27;[90m{"using":"id","value":"com.wrizto.samvita.healthcare:id/patient_name"}&amp#27;[39m
[debug] &amp#27;[35m[W3C (3e2224d5)]&amp#27;[39m Calling AppiumDriver.findElements() with args: ["id","com.wrizto.samvita.healthcare:id/patient_name","3e2224d5-44aa-48fe-aa49-cc3a06f18cf9"]
[debug] &amp#27;[35m[BaseDriver]&amp#27;[39m Valid locator strategies for this request: xpath, id, class name, accessibility id, css selector, -android uiautomator
[debug] &amp#27;[35m[BaseDriver]&amp#27;[39m Waiting up to 10000 ms for condition
[debug] &amp#27;[35m[WD Proxy]&amp#27;[39m Matched '/elements' to command name 'findElements'
[debug] &amp#27;[35m[WD Proxy]&amp#27;[39m Proxying [POST /elements] to [POST http://127.0.0.1:8200/wd/hub/session/316c9b00-92b9-4fcb-98ee-d8975eb2d240/elements] with body: {"strategy":"id","selector":"com.wrizto.samvita.healthcare:id/patient_name","context":"","multiple":true}
[debug] &amp#27;[35m[WD Proxy]&amp#27;[39m Got response with status 200: {"sessionId":"316c9b00-92b9-4fcb-98ee-d8975eb2d240","value":[{"ELEMENT":"00000000-0000-0133-ffff-ffff0000014c","element-6066-11e4-a52e-4f735466cecf":"00000000-0000-0133-ffff-ffff0000014c"},{"ELEMENT":"00000000-0000-0133-ffff-ffff0000016a","element-6066-11e4-a52e-4f735466cecf":"00000000-0000-0133-ffff-ffff0000016a"},{"ELEMENT":"00000000-0000-0133-ffff-ffff00000196","element-6066-11e4-a52e-4f735466cecf":"00000000-0000-0133-ffff-ffff00000196"},{"ELEMENT":"00000000-0000-0133-ffff-ffff0000006a","element-6066-11e4-a52e-4f735466cecf":"00000000-0000-0133-ffff-ffff0000006a"}]}
[debug] &amp#27;[35m[W3C (3e2224d5)]&amp#27;[39m Responding to client with driver.findElements() result: [{"element-6066-11e4-a52e-4f735466cecf":"00000000-0000-0133-ffff-ffff0000014c","ELEMENT":"00000000-0000-0133-ffff-ffff0000014c"},{"element-6066-11e4-a52e-4f735466cecf":"00000000-0000-0133-ffff-ffff0000016a","ELEMENT":"00000000-0000-0133-ffff-ffff0000016a"},{"element-6066-11e4-a52e-4f735466cecf":"00000000-0000-0133-ffff-ffff00000196","ELEMENT":"00000000-0000-0133-ffff-ffff00000196"},{"element-6066-11e4-a52e-4f735466cecf":"00000000-0000-0133-ffff-ffff0000006a","ELEMENT":"00000000-0000-0133-ffff-ffff0000006a"}]
&amp#27;[35m[HTTP]&amp#27;[39m &amp#27;[37m<-- POST /wd/hub/session/3e2224d5-44aa-48fe-aa49-cc3a06f18cf9/elements &amp#27;[39m&amp#27;[32m200&amp#27;[39m &amp#27;[90m208 ms - 523&amp#27;[39m
&amp#27;[35m[HTTP]&amp#27;[39m &amp#27;[90m&amp#27;[39m
&amp#27;[35m[HTTP]&amp#27;[39m &amp#27;[37m-->&amp#27;[39m &amp#27;[37mGET&amp#27;[39m &amp#27;[37m/wd/hub/session/3e2224d5-44aa-48fe-aa49-cc3a06f18cf9/element/00000000-0000-0133-ffff-ffff0000016a/text&amp#27;[39m
&amp#27;[35m[HTTP]&amp#27;[39m &amp#27;[90m{}&amp#27;[39m
&amp#27;[35m[W3C (3e2224d5)]&amp#27;[39m Driver proxy active, passing request on via HTTP proxy
[debug] &amp#27;[35m[WD Proxy]&amp#27;[39m Matched '/wd/hub/session/3e2224d5-44aa-48fe-aa49-cc3a06f18cf9/element/00000000-0000-0133-ffff-ffff0000016a/text' to command name 'getText'
[debug] &amp#27;[35m[WD Proxy]&amp#27;[39m Proxying [GET /wd/hub/session/3e2224d5-44aa-48fe-aa49-cc3a06f18cf9/element/00000000-0000-0133-ffff-ffff0000016a/text] to [GET http://127.0.0.1:8200/wd/hub/session/316c9b00-92b9-4fcb-98ee-d8975eb2d240/element/00000000-0000-0133-ffff-ffff0000016a/text] with no body
[debug] &amp#27;[35m[WD Proxy]&amp#27;[39m Got response with status 200: {"sessionId":"316c9b00-92b9-4fcb-98ee-d8975eb2d240","value":"Akazuki6 a"}
&amp#27;[35m[WD Proxy]&amp#27;[39m Replacing sessionId 316c9b00-92b9-4fcb-98ee-d8975eb2d240 with 3e2224d5-44aa-48fe-aa49-cc3a06f18cf9
Akazuki6 a
&amp#27;*******
[35m[HTTP]&amp#27;[39m &amp#27;[37m<-- GET /wd/hub/session/3e2224d5-44aa-48fe-aa49-cc3a06f18cf9/element/00000000-0000-0133-ffff-ffff0000016a/text &amp#27;[39m&amp#27;[32m200&amp#27;[39m &amp#27;[90m536 ms - 73&amp#27;[39m
&amp#27;[35m[HTTP]&amp#27;[39m &amp#27;[90m&amp#27;[39m
&amp#27;[35m[HTTP]&amp#27;[39m &amp#27;[37m-->&amp#27;[39m &amp#27;[37mGET&amp#27;[39m &amp#27;[37m/wd/hub/session/3e2224d5-44aa-48fe-aa49-cc3a06f18cf9/context&amp#27;[39m
&amp#27;[35m[HTTP]&amp#27;[39m &amp#27;[90m{}&amp#27;[39m
[debug] &amp#27;[35m[W3C (3e2224d5)]&amp#27;[39m Calling AppiumDriver.getCurrentContext() with args: ["3e2224d5-44aa-48fe-aa49-cc3a06f18cf9"]
[debug] &amp#27;[35m[W3C (3e2224d5)]&amp#27;[39m Responding to client with driver.getCurrentContext() result: "NATIVE_APP"
&amp#27;[35m[HTTP]&amp#27;[39m &amp#27;[37m<-- GET /wd/hub/session/3e2224d5-44aa-48fe-aa49-cc3a06f18cf9/context &amp#27;[39m&amp#27;[32m200&amp#27;[39m &amp#27;[90m5 ms - 22&amp#27;[39m
&amp#27;[35m[HTTP]&amp#27;[39m &amp#27;[90m&amp#27;[39m
&amp#27;[35m[HTTP]&amp#27;[39m &amp#27;[37m-->&amp#27;[39m &amp#27;[37mPOST&amp#27;[39m &amp#27;[37m/wd/hub/session/3e2224d5-44aa-48fe-aa49-cc3a06f18cf9/elements&amp#27;[39m
&amp#27;[35m[HTTP]&amp#27;[39m &amp#27;[90m{"using":"xpath","value":"//android.widget.Button[@text='MEASURE VITALS']"}&amp#27;[39m
[debug] &amp#27;[35m[W3C (3e2224d5)]&amp#27;[39m Calling AppiumDriver.findElements() with args: ["xpath","//android.widget.Button[@text='MEASURE VITALS']","3e2224d5-44aa-48fe-aa49-cc3a06f18cf9"]
[debug] &amp#27;[35m[BaseDriver]&amp#27;[39m Valid locator strategies for this request: xpath, id, class name, accessibility id, css selector, -android uiautomator
[debug] &amp#27;[35m[BaseDriver]&amp#27;[39m Waiting up to 10000 ms for condition
[debug] &amp#27;[35m[WD Proxy]&amp#27;[39m Matched '/elements' to command name 'findElements'
[debug] &amp#27;[35m[WD Proxy]&amp#27;[39m Proxying [POST /elements] to [POST http://127.0.0.1:8200/wd/hub/session/316c9b00-92b9-4fcb-98ee-d8975eb2d240/elements] with body: {"strategy":"xpath","selector":"//android.widget.Button[@text='MEASURE VITALS']","context":"","multiple":true}
[debug] &amp#27;[35m[WD Proxy]&amp#27;[39m Got response with status 200: {"sessionId":"316c9b00-92b9-4fcb-98ee-d8975eb2d240","value":[{"ELEMENT":"00000000-0000-0133-ffff-ffff0000012a","element-6066-11e4-a52e-4f735466cecf":"00000000-0000-0133-ffff-ffff0000012a"},{"ELEMENT":"00000000-0000-0133-ffff-ffff0000014e","element-6066-11e4-a52e-4f735466cecf":"00000000-0000-0133-ffff-ffff0000014e"},{"ELEMENT":"00000000-0000-0133-ffff-ffff00000157","element-6066-11e4-a52e-4f735466cecf":"00000000-0000-0133-ffff-ffff00000157"},{"ELEMENT":"00000000-0000-0133-ffff-ffff00000198","element-6066-11e4-a52e-4f735466cecf":"00000000-0000-0133-ffff-ffff00000198"},{"ELEMENT":"00000000-0000-0133-ffff-ffff00000070","element-6066-11e4-a52e-4f735466cecf":"00000000-0000-0133-ffff-ffff00000070"}]}
[debug] &amp#27;[35m[W3C (3e2224d5)]&amp#27;[39m Responding to client with driver.findElements() result: [{"element-6066-11e4-a52e-4f735466cecf":"00000000-0000-0133-ffff-ffff0000012a","ELEMENT":"00000000-0000-0133-ffff-ffff0000012a"},{"element-6066-11e4-a52e-4f735466cecf":"00000000-0000-0133-ffff-ffff0000014e","ELEMENT":"00000000-0000-0133-ffff-ffff0000014e"},{"element-6066-11e4-a52e-4f735466cecf":"00000000-0000-0133-ffff-ffff00000157","ELEMENT":"00000000-0000-0133-ffff-ffff00000157"},{"element-6066-11e4-a52e-4f735466cecf":"00000000-0000-0133-ffff-ffff00000198","ELEMENT":"00000000-0000-0133-ffff-ffff00000198"},{"element-6066-11e4-a52e-4f735466cecf":"00000000-0000-0133-ffff-ffff00000070","ELEMENT":"00000000-0000-0133-ffff-ffff00000070"}]
&amp#27;[35m[HTTP]&amp#27;[39m &amp#27;[37m<-- POST /wd/hub/session/3e2224d5-44aa-48fe-aa49-cc3a06f18cf9/elements &amp#27;[39m&amp#27;[32m200&amp#27;[39m &amp#27;[90m2825 ms - 651&amp#27;[39m
&amp#27;[35m[HTTP]&amp#27;[39m &amp#27;[90m&amp#27;[39m
&amp#27;[35m[HTTP]&amp#27;[39m &amp#27;[37m-->&amp#27;[39m &amp#27;[37mPOST&amp#27;[39m &amp#27;[37m/wd/hub/session/3e2224d5-44aa-48fe-aa49-cc3a06f18cf9/element/00000000-0000-0133-ffff-ffff0000014e/click&amp#27;[39m
&amp#27;[35m[HTTP]&amp#27;[39m &amp#27;[90m{"id":"00000000-0000-0133-ffff-ffff0000014e"}&amp#27;[39m
[debug] &amp#27;[35m[W3C (3e2224d5)]&amp#27;[39m Calling AppiumDriver.click() with args: ["00000000-0000-0133-ffff-ffff0000014e","3e2224d5-44aa-48fe-aa49-cc3a06f18cf9"]
[debug] &amp#27;[35m[WD Proxy]&amp#27;[39m Matched '/element/00000000-0000-0133-ffff-ffff0000014e/click' to command name 'click'
[debug] &amp#27;[35m[WD Proxy]&amp#27;[39m Proxying [POST /element/00000000-0000-0133-ffff-ffff0000014e/click] to [POST http://127.0.0.1:8200/wd/hub/session/316c9b00-92b9-4fcb-98ee-d8975eb2d240/element/00000000-0000-0133-ffff-ffff0000014e/click] with body: {"element":"00000000-0000-0133-ffff-ffff0000014e"}
[debug] &amp#27;[35m[WD Proxy]&amp#27;[39m Got response with status 200: {"sessionId":"316c9b00-92b9-4fcb-98ee-d8975eb2d240","value":null}
[debug] &amp#27;[35m[W3C (3e2224d5)]&amp#27;[39m Responding to client with driver.click() result: null
Akazuki6 a
&amp#27;[35m[HTTP]&amp#27;[39m &amp#27;[37m<-- POST /wd/hub/session/3e2224d5-44aa-48fe-aa49-cc3a06f18cf9/element/00000000-0000-0133-ffff-ffff0000014e/click &amp#27;[39m&amp#27;[32m200&amp#27;[39m &amp#27;[90m124 ms - 14&amp#27;[39m
&amp#27;[35m[HTTP]&amp#27;[39m &amp#27;[90m&amp#27;[39m
]]></system-out>
    <system-err><![CDATA[Apr 29, 2022 5:47:08 PM io.appium.java_client.remote.AppiumCommandExecutor$1 lambda$0
INFO: Detected dialect: W3C
]]></system-err>
  </testcase>
</testsuite>